#
# There is insufficient memory for the Java Runtime Environment to continue.
# Native memory allocation (malloc) failed to allocate 367152 bytes for Chunk::new
# Possible reasons:
#   The system is out of physical RAM or swap space
#   The process is running with CompressedOops enabled, and the Java Heap may be blocking the growth of the native heap
# Possible solutions:
#   Reduce memory load on the system
#   Increase physical memory or swap space
#   Check if swap backing store is full
#   Decrease Java heap size (-Xmx/-Xms)
#   Decrease number of Java threads
#   Decrease Java thread stack sizes (-Xss)
#   Set larger code cache with -XX:ReservedCodeCacheSize=
#   JVM is running with Zero Based Compressed Oops mode in which the Java heap is
#     placed in the first 32GB address space. The Java Heap base address is the
#     maximum limit for the native heap growth. Please use -XX:HeapBaseMinAddress
#     to set the Java Heap base and to place the Java Heap above 32GB virtual address.
# This output file may be truncated or incomplete.
#
#  Out of Memory Error (arena.cpp:184), pid=184276, tid=186804
#
# JRE version: Java(TM) SE Runtime Environment (19.0.1+10) (build 19.0.1+10-21)
# Java VM: Java HotSpot(TM) 64-Bit Server VM (19.0.1+10-21, mixed mode, sharing, tiered, compressed oops, compressed class ptrs, g1 gc, windows-amd64)
# No core dump will be written. Minidumps are not enabled by default on client versions of Windows
#

---------------  S U M M A R Y ------------

Command Line: Principal.Principal

Host: AMD Ryzen 7 5700G with Radeon Graphics         , 16 cores, 13G,  Windows 11 , 64 bit Build 22621 (10.0.22621.1194)
Time: Wed Mar  8 10:12:00 2023 Hora verano Sudamérica Pacífico elapsed time: 74.536056 seconds (0d 0h 1m 14s)

---------------  T H R E A D  ---------------

Current thread (0x000001f121167860):  JavaThread "C2 CompilerThread0" daemon [_thread_in_native, id=186804, stack(0x000000a38b700000,0x000000a38b800000)]


Current CompileTask:
C2:  74536 7229       4       sun.java2d.pipe.BufferedContext::validate (575 bytes)

Stack: [0x000000a38b700000,0x000000a38b800000]
Native frames: (J=compiled Java code, j=interpreted, Vv=VM code, C=native code)
V  [jvm.dll+0x6ee8fa]
V  [jvm.dll+0x857a1e]
V  [jvm.dll+0x85940e]
V  [jvm.dll+0x859ac3]
V  [jvm.dll+0x28291f]
V  [jvm.dll+0xc9b5f]
V  [jvm.dll+0xc9ee5]
V  [jvm.dll+0x3bcbac]
V  [jvm.dll+0x1ee31a]
V  [jvm.dll+0x24c41b]
V  [jvm.dll+0x24b671]
V  [jvm.dll+0x1d6d61]
V  [jvm.dll+0x25b0fa]
V  [jvm.dll+0x259588]
V  [jvm.dll+0x807928]
V  [jvm.dll+0x8015fa]
V  [jvm.dll+0x6ed5eb]
C  [ucrtbase.dll+0x29363]
C  [KERNEL32.DLL+0x126bd]
C  [ntdll.dll+0x5dfb8]


---------------  P R O C E S S  ---------------

Threads class SMR info:
_java_thread_list=0x000001f12d456df0, length=23, elements={
0x000001f121158860, 0x000001f12115b1a0, 0x000001f121160a30, 0x000001f1211615e0,
0x000001f121162cc0, 0x000001f1211635f0, 0x000001f121167860, 0x000001f121175e60,
0x000001f121177fc0, 0x000001f1255213d0, 0x000001f1255483d0, 0x000001f1265207f0,
0x000001f125f736a0, 0x000001f125f719f0, 0x000001f125f71f30, 0x000001f125ee9cd0,
0x000001f1264c4b70, 0x000001f17e4dced0, 0x000001f126c5b7e0, 0x000001f126c61e80,
0x000001f126c5eeb0, 0x000001f126c623d0, 0x000001f126c5fea0
}

Java Threads: ( => current thread )
  0x000001f121158860 JavaThread "Reference Handler" daemon [_thread_blocked, id=183060, stack(0x000000a38b100000,0x000000a38b200000)]
  0x000001f12115b1a0 JavaThread "Finalizer" daemon [_thread_blocked, id=186728, stack(0x000000a38b200000,0x000000a38b300000)]
  0x000001f121160a30 JavaThread "Signal Dispatcher" daemon [_thread_blocked, id=172744, stack(0x000000a38b300000,0x000000a38b400000)]
  0x000001f1211615e0 JavaThread "Attach Listener" daemon [_thread_blocked, id=176008, stack(0x000000a38b400000,0x000000a38b500000)]
  0x000001f121162cc0 JavaThread "Service Thread" daemon [_thread_blocked, id=186676, stack(0x000000a38b500000,0x000000a38b600000)]
  0x000001f1211635f0 JavaThread "Monitor Deflation Thread" daemon [_thread_blocked, id=186452, stack(0x000000a38b600000,0x000000a38b700000)]
=>0x000001f121167860 JavaThread "C2 CompilerThread0" daemon [_thread_in_native, id=186804, stack(0x000000a38b700000,0x000000a38b800000)]
  0x000001f121175e60 JavaThread "C1 CompilerThread0" daemon [_thread_blocked, id=174508, stack(0x000000a38b800000,0x000000a38b900000)]
  0x000001f121177fc0 JavaThread "Sweeper thread" daemon [_thread_blocked, id=180440, stack(0x000000a38b900000,0x000000a38ba00000)]
  0x000001f1255213d0 JavaThread "Notification Thread" daemon [_thread_blocked, id=186500, stack(0x000000a38bb00000,0x000000a38bc00000)]
  0x000001f1255483d0 JavaThread "Common-Cleaner" daemon [_thread_blocked, id=181824, stack(0x000000a38bd00000,0x000000a38be00000)]
  0x000001f1265207f0 JavaThread "Thread-1" [_thread_blocked, id=186912, stack(0x000000a38c100000,0x000000a38c200000)]
  0x000001f125f736a0 JavaThread "Thread-3" [_thread_blocked, id=186784, stack(0x000000a38c200000,0x000000a38c300000)]
  0x000001f125f719f0 JavaThread "Java2D Disposer" daemon [_thread_blocked, id=187080, stack(0x000000a38c300000,0x000000a38c400000)]
  0x000001f125f71f30 JavaThread "AWT-Shutdown" [_thread_blocked, id=187048, stack(0x000000a38c400000,0x000000a38c500000)]
  0x000001f125ee9cd0 JavaThread "AWT-Windows" daemon [_thread_in_native, id=187036, stack(0x000000a38c500000,0x000000a38c600000)]
  0x000001f1264c4b70 JavaThread "AWT-EventQueue-0" [_thread_in_native, id=186712, stack(0x000000a38cf00000,0x000000a38d000000)]
  0x000001f17e4dced0 JavaThread "DestroyJavaVM" [_thread_blocked, id=187076, stack(0x000000a38aa00000,0x000000a38ab00000)]
  0x000001f126c5b7e0 JavaThread "TimerQueue" daemon [_thread_blocked, id=187100, stack(0x000000a38e400000,0x000000a38e500000)]
  0x000001f126c61e80 JavaThread "Thread-4" [_thread_blocked, id=187156, stack(0x000000a38e900000,0x000000a38ea00000)]
  0x000001f126c5eeb0 JavaThread "D3D Screen Updater" daemon [_thread_blocked, id=187236, stack(0x000000a38ef00000,0x000000a38f000000)]
  0x000001f126c623d0 JavaThread "ForkJoinPool.commonPool-worker-1" daemon [_thread_blocked, id=152072, stack(0x000000a38e500000,0x000000a38e600000)]
  0x000001f126c5fea0 JavaThread "ForkJoinPool.commonPool-worker-2" daemon [_thread_blocked, id=184288, stack(0x000000a38ba00000,0x000000a38bb00000)]

Other Threads:
  0x000001f1211410e0 VMThread "VM Thread" [stack: 0x000000a38b000000,0x000000a38b100000] [id=183068]
  0x000001f125543350 WatcherThread "VM Periodic Task Thread" [stack: 0x000000a38bc00000,0x000000a38bd00000] [id=186796]
  0x000001f17e5448e0 WorkerThread "GC Thread#0" [stack: 0x000000a38ab00000,0x000000a38ac00000] [id=183016]
  0x000001f125dcf5d0 WorkerThread "GC Thread#1" [stack: 0x000000a38c600000,0x000000a38c700000] [id=187000]
  0x000001f125dcf030 WorkerThread "GC Thread#2" [stack: 0x000000a38c700000,0x000000a38c800000] [id=181608]
  0x000001f125dcdc80 WorkerThread "GC Thread#3" [stack: 0x000000a38c800000,0x000000a38c900000] [id=182956]
  0x000001f125dcf300 WorkerThread "GC Thread#4" [stack: 0x000000a38c900000,0x000000a38ca00000] [id=186880]
  0x000001f125dce7c0 WorkerThread "GC Thread#5" [stack: 0x000000a38ca00000,0x000000a38cb00000] [id=187084]
  0x000001f125dcdf50 WorkerThread "GC Thread#6" [stack: 0x000000a38cb00000,0x000000a38cc00000] [id=162420]
  0x000001f125dcea90 WorkerThread "GC Thread#7" [stack: 0x000000a38cc00000,0x000000a38cd00000] [id=187040]
  0x000001f125dcf8a0 WorkerThread "GC Thread#8" [stack: 0x000000a38cd00000,0x000000a38ce00000] [id=184324]
  0x000001f125dce220 WorkerThread "GC Thread#9" [stack: 0x000000a38ce00000,0x000000a38cf00000] [id=187020]
  0x000001f126dc5e20 WorkerThread "GC Thread#10" [stack: 0x000000a38ea00000,0x000000a38eb00000] [id=182836]
  0x000001f126dc5880 WorkerThread "GC Thread#11" [stack: 0x000000a38eb00000,0x000000a38ec00000] [id=174028]
  0x000001f126dc60f0 WorkerThread "GC Thread#12" [stack: 0x000000a38ec00000,0x000000a38ed00000] [id=182868]
  0x000001f17e553890 ConcurrentGCThread "G1 Main Marker" [stack: 0x000000a38ac00000,0x000000a38ad00000] [id=169800]
  0x000001f17e555810 WorkerThread "G1 Conc#0" [stack: 0x000000a38ad00000,0x000000a38ae00000] [id=177508]
  0x000001f126dc6f00 WorkerThread "G1 Conc#1" [stack: 0x000000a38ed00000,0x000000a38ee00000] [id=186404]
  0x000001f126dc74a0 WorkerThread "G1 Conc#2" [stack: 0x000000a38ee00000,0x000000a38ef00000] [id=181864]
  0x000001f120ffc0d0 ConcurrentGCThread "G1 Refine#0" [stack: 0x000000a38ae00000,0x000000a38af00000] [id=163932]
  0x000001f120ffc8c0 ConcurrentGCThread "G1 Service" [stack: 0x000000a38af00000,0x000000a38b000000] [id=183168]

Threads with active compile tasks:
C2 CompilerThread0    74568 7229       4       sun.java2d.pipe.BufferedContext::validate (575 bytes)

VM state: not at safepoint (normal execution)

VM Mutex/Monitor currently owned by a thread: None

Heap address: 0x0000000721a00000, size: 3558 MB, Compressed Oops mode: Zero based, Oop shift amount: 3

CDS archive(s) mapped at: [0x0000000800000000-0x0000000800c40000-0x0000000800c40000), size 12845056, SharedBaseAddress: 0x0000000800000000, ArchiveRelocationMode: 0.
Compressed class space mapped at: 0x0000000801000000-0x0000000841000000, reserved size: 1073741824
Narrow klass base: 0x0000000800000000, Narrow klass shift: 0, Narrow klass range: 0x100000000

GC Precious Log:
 CardTable entry size: 512
 Card Set container configuration: InlinePtr #cards 4 size 8 Array Of Cards #cards 16 size 48 Howl #buckets 8 coarsen threshold 3686 Howl Bitmap #cards 512 size 80 coarsen threshold 460 Card regions per heap region 1 cards per card region 4096
 CPUs: 16 total, 16 available
 Memory: 14229M
 Large Page Support: Disabled
 NUMA Support: Disabled
 Compressed Oops: Enabled (Zero based)
 Heap Region Size: 2M
 Heap Min Capacity: 8M
 Heap Initial Capacity: 224M
 Heap Max Capacity: 3558M
 Pre-touch: Disabled
 Parallel Workers: 13
 Concurrent Workers: 3
 Concurrent Refinement Workers: 13
 Periodic GC: Disabled

Heap:
 garbage-first heap   total 425984K, used 221254K [0x0000000721a00000, 0x0000000800000000)
  region size 2048K, 81 young (165888K), 1 survivors (2048K)
 Metaspace       used 27118K, committed 27392K, reserved 1114112K
  class space    used 2678K, committed 2816K, reserved 1048576K

Heap Regions: E=young(eden), S=young(survivor), O=old, HS=humongous(starts), HC=humongous(continues), CS=collection set, F=free, OA=open archive, CA=closed archive, TAMS=top-at-mark-start (previous, next)
|   0|0x0000000721a00000, 0x0000000721c00000, 0x0000000721c00000|100%|HS|  |TAMS 0x0000000721c00000, 0x0000000721a00000| Complete 
|   1|0x0000000721c00000, 0x0000000721e00000, 0x0000000721e00000|100%| O|  |TAMS 0x0000000721e00000, 0x0000000721c00000| Untracked 
|   2|0x0000000721e00000, 0x0000000722000000, 0x0000000722000000|100%| O|  |TAMS 0x0000000722000000, 0x0000000721e00000| Untracked 
|   3|0x0000000722000000, 0x0000000722200000, 0x0000000722200000|100%| O|  |TAMS 0x0000000722200000, 0x0000000722000000| Untracked 
|   4|0x0000000722200000, 0x0000000722400000, 0x0000000722400000|100%| O|  |TAMS 0x0000000722200000, 0x0000000722200000| Untracked 
|   5|0x0000000722400000, 0x0000000722600000, 0x0000000722600000|100%|HS|  |TAMS 0x0000000722600000, 0x0000000722400000| Complete 
|   6|0x0000000722600000, 0x0000000722800000, 0x0000000722800000|100%| O|  |TAMS 0x0000000722800000, 0x0000000722600000| Untracked 
|   7|0x0000000722800000, 0x0000000722a00000, 0x0000000722a00000|100%| O|  |TAMS 0x0000000722a00000, 0x0000000722800000| Untracked 
|   8|0x0000000722a00000, 0x0000000722c00000, 0x0000000722c00000|100%| O|  |TAMS 0x0000000722c00000, 0x0000000722a00000| Untracked 
|   9|0x0000000722c00000, 0x0000000722e00000, 0x0000000722e00000|100%| O|  |TAMS 0x0000000722e00000, 0x0000000722c00000| Untracked 
|  10|0x0000000722e00000, 0x0000000723000000, 0x0000000723000000|100%| O|  |TAMS 0x0000000723000000, 0x0000000722e00000| Untracked 
|  11|0x0000000723000000, 0x0000000723200000, 0x0000000723200000|100%| O|  |TAMS 0x0000000723200000, 0x0000000723000000| Untracked 
|  12|0x0000000723200000, 0x0000000723400000, 0x0000000723400000|100%| O|  |TAMS 0x0000000723400000, 0x0000000723200000| Untracked 
|  13|0x0000000723400000, 0x0000000723600000, 0x0000000723600000|100%| O|  |TAMS 0x0000000723600000, 0x0000000723400000| Untracked 
|  14|0x0000000723600000, 0x0000000723800000, 0x0000000723800000|100%| O|  |TAMS 0x0000000723800000, 0x0000000723600000| Untracked 
|  15|0x0000000723800000, 0x0000000723a00000, 0x0000000723a00000|100%| O|  |TAMS 0x0000000723a00000, 0x0000000723800000| Untracked 
|  16|0x0000000723a00000, 0x0000000723c00000, 0x0000000723c00000|100%| O|  |TAMS 0x0000000723c00000, 0x0000000723a00000| Untracked 
|  17|0x0000000723c00000, 0x0000000723e00000, 0x0000000723e00000|100%| O|  |TAMS 0x0000000723c2fe00, 0x0000000723c00000| Untracked 
|  18|0x0000000723e00000, 0x0000000724000000, 0x0000000724000000|100%| O|  |TAMS 0x0000000723e00000, 0x0000000723e00000| Untracked 
|  19|0x0000000724000000, 0x0000000724200000, 0x0000000724200000|100%| O|  |TAMS 0x0000000724000000, 0x0000000724000000| Untracked 
|  20|0x0000000724200000, 0x0000000724400000, 0x0000000724400000|100%| O|  |TAMS 0x0000000724200000, 0x0000000724200000| Untracked 
|  21|0x0000000724400000, 0x0000000724600000, 0x0000000724600000|100%| O|  |TAMS 0x0000000724400000, 0x0000000724400000| Untracked 
|  22|0x0000000724600000, 0x0000000724800000, 0x0000000724800000|100%| O|  |TAMS 0x0000000724600000, 0x0000000724600000| Untracked 
|  23|0x0000000724800000, 0x0000000724a00000, 0x0000000724a00000|100%| O|  |TAMS 0x0000000724800000, 0x0000000724800000| Untracked 
|  24|0x0000000724a00000, 0x0000000724c00000, 0x0000000724c00000|100%| O|  |TAMS 0x0000000724a00000, 0x0000000724a00000| Untracked 
|  25|0x0000000724c00000, 0x0000000724dc4c00, 0x0000000724e00000| 88%| O|  |TAMS 0x0000000724c00000, 0x0000000724c00000| Untracked 
|  26|0x0000000724e00000, 0x0000000724e00000, 0x0000000725000000|  0%| F|  |TAMS 0x0000000724e00000, 0x0000000724e00000| Untracked 
|  27|0x0000000725000000, 0x0000000725000000, 0x0000000725200000|  0%| F|  |TAMS 0x0000000725000000, 0x0000000725000000| Untracked 
|  28|0x0000000725200000, 0x0000000725200000, 0x0000000725400000|  0%| F|  |TAMS 0x0000000725200000, 0x0000000725200000| Untracked 
|  29|0x0000000725400000, 0x0000000725400000, 0x0000000725600000|  0%| F|  |TAMS 0x0000000725400000, 0x0000000725400000| Untracked 
|  30|0x0000000725600000, 0x0000000725600000, 0x0000000725800000|  0%| F|  |TAMS 0x0000000725600000, 0x0000000725600000| Untracked 
|  31|0x0000000725800000, 0x0000000725800000, 0x0000000725a00000|  0%| F|  |TAMS 0x0000000725800000, 0x0000000725800000| Untracked 
|  32|0x0000000725a00000, 0x0000000725a00000, 0x0000000725c00000|  0%| F|  |TAMS 0x0000000725a00000, 0x0000000725a00000| Untracked 
|  33|0x0000000725c00000, 0x0000000725c00000, 0x0000000725e00000|  0%| F|  |TAMS 0x0000000725c00000, 0x0000000725c00000| Untracked 
|  34|0x0000000725e00000, 0x0000000725e00000, 0x0000000726000000|  0%| F|  |TAMS 0x0000000725e00000, 0x0000000725e00000| Untracked 
|  35|0x0000000726000000, 0x0000000726000000, 0x0000000726200000|  0%| F|  |TAMS 0x0000000726000000, 0x0000000726000000| Untracked 
|  36|0x0000000726200000, 0x0000000726200000, 0x0000000726400000|  0%| F|  |TAMS 0x0000000726200000, 0x0000000726200000| Untracked 
|  37|0x0000000726400000, 0x0000000726400000, 0x0000000726600000|  0%| F|  |TAMS 0x0000000726400000, 0x0000000726400000| Untracked 
|  38|0x0000000726600000, 0x0000000726600000, 0x0000000726800000|  0%| F|  |TAMS 0x0000000726600000, 0x0000000726600000| Untracked 
|  39|0x0000000726800000, 0x0000000726800000, 0x0000000726a00000|  0%| F|  |TAMS 0x0000000726800000, 0x0000000726800000| Untracked 
|  40|0x0000000726a00000, 0x0000000726a00000, 0x0000000726c00000|  0%| F|  |TAMS 0x0000000726a00000, 0x0000000726a00000| Untracked 
|  41|0x0000000726c00000, 0x0000000726c00000, 0x0000000726e00000|  0%| F|  |TAMS 0x0000000726c00000, 0x0000000726c00000| Untracked 
|  42|0x0000000726e00000, 0x0000000726e00000, 0x0000000727000000|  0%| F|  |TAMS 0x0000000726e00000, 0x0000000726e00000| Untracked 
|  43|0x0000000727000000, 0x0000000727000000, 0x0000000727200000|  0%| F|  |TAMS 0x0000000727000000, 0x0000000727000000| Untracked 
|  44|0x0000000727200000, 0x0000000727200000, 0x0000000727400000|  0%| F|  |TAMS 0x0000000727200000, 0x0000000727200000| Untracked 
|  45|0x0000000727400000, 0x0000000727400000, 0x0000000727600000|  0%| F|  |TAMS 0x0000000727400000, 0x0000000727400000| Untracked 
|  46|0x0000000727600000, 0x0000000727600000, 0x0000000727800000|  0%| F|  |TAMS 0x0000000727600000, 0x0000000727600000| Untracked 
|  47|0x0000000727800000, 0x0000000727800000, 0x0000000727a00000|  0%| F|  |TAMS 0x0000000727800000, 0x0000000727800000| Untracked 
|  48|0x0000000727a00000, 0x0000000727a00000, 0x0000000727c00000|  0%| F|  |TAMS 0x0000000727a00000, 0x0000000727a00000| Untracked 
|  49|0x0000000727c00000, 0x0000000727c00000, 0x0000000727e00000|  0%| F|  |TAMS 0x0000000727c00000, 0x0000000727c00000| Untracked 
|  50|0x0000000727e00000, 0x0000000727e00000, 0x0000000728000000|  0%| F|  |TAMS 0x0000000727e00000, 0x0000000727e00000| Untracked 
|  51|0x0000000728000000, 0x0000000728000000, 0x0000000728200000|  0%| F|  |TAMS 0x0000000728000000, 0x0000000728000000| Untracked 
|  52|0x0000000728200000, 0x0000000728200000, 0x0000000728400000|  0%| F|  |TAMS 0x0000000728200000, 0x0000000728200000| Untracked 
|  53|0x0000000728400000, 0x0000000728400000, 0x0000000728600000|  0%| F|  |TAMS 0x0000000728400000, 0x0000000728400000| Untracked 
|  54|0x0000000728600000, 0x0000000728600000, 0x0000000728800000|  0%| F|  |TAMS 0x0000000728600000, 0x0000000728600000| Untracked 
|  55|0x0000000728800000, 0x0000000728800000, 0x0000000728a00000|  0%| F|  |TAMS 0x0000000728800000, 0x0000000728800000| Untracked 
|  56|0x0000000728a00000, 0x0000000728a00000, 0x0000000728c00000|  0%| F|  |TAMS 0x0000000728a00000, 0x0000000728a00000| Untracked 
|  57|0x0000000728c00000, 0x0000000728c00000, 0x0000000728e00000|  0%| F|  |TAMS 0x0000000728c00000, 0x0000000728c00000| Untracked 
|  58|0x0000000728e00000, 0x0000000728e00000, 0x0000000729000000|  0%| F|  |TAMS 0x0000000728e00000, 0x0000000728e00000| Untracked 
|  59|0x0000000729000000, 0x0000000729000000, 0x0000000729200000|  0%| F|  |TAMS 0x0000000729000000, 0x0000000729000000| Untracked 
|  60|0x0000000729200000, 0x0000000729200000, 0x0000000729400000|  0%| F|  |TAMS 0x0000000729200000, 0x0000000729200000| Untracked 
|  61|0x0000000729400000, 0x0000000729400000, 0x0000000729600000|  0%| F|  |TAMS 0x0000000729400000, 0x0000000729400000| Untracked 
|  62|0x0000000729600000, 0x0000000729600000, 0x0000000729800000|  0%| F|  |TAMS 0x0000000729600000, 0x0000000729600000| Untracked 
|  63|0x0000000729800000, 0x0000000729800000, 0x0000000729a00000|  0%| F|  |TAMS 0x0000000729800000, 0x0000000729800000| Untracked 
|  64|0x0000000729a00000, 0x0000000729a00000, 0x0000000729c00000|  0%| F|  |TAMS 0x0000000729a00000, 0x0000000729a00000| Untracked 
|  65|0x0000000729c00000, 0x0000000729c00000, 0x0000000729e00000|  0%| F|  |TAMS 0x0000000729c00000, 0x0000000729c00000| Untracked 
|  66|0x0000000729e00000, 0x0000000729e00000, 0x000000072a000000|  0%| F|  |TAMS 0x0000000729e00000, 0x0000000729e00000| Untracked 
|  67|0x000000072a000000, 0x000000072a000000, 0x000000072a200000|  0%| F|  |TAMS 0x000000072a000000, 0x000000072a000000| Untracked 
|  68|0x000000072a200000, 0x000000072a200000, 0x000000072a400000|  0%| F|  |TAMS 0x000000072a200000, 0x000000072a200000| Untracked 
|  69|0x000000072a400000, 0x000000072a400000, 0x000000072a600000|  0%| F|  |TAMS 0x000000072a400000, 0x000000072a400000| Untracked 
|  70|0x000000072a600000, 0x000000072a600000, 0x000000072a800000|  0%| F|  |TAMS 0x000000072a600000, 0x000000072a600000| Untracked 
|  71|0x000000072a800000, 0x000000072a800000, 0x000000072aa00000|  0%| F|  |TAMS 0x000000072a800000, 0x000000072a800000| Untracked 
|  72|0x000000072aa00000, 0x000000072aa00000, 0x000000072ac00000|  0%| F|  |TAMS 0x000000072aa00000, 0x000000072aa00000| Untracked 
|  73|0x000000072ac00000, 0x000000072ac00000, 0x000000072ae00000|  0%| F|  |TAMS 0x000000072ac00000, 0x000000072ac00000| Untracked 
|  74|0x000000072ae00000, 0x000000072ae00000, 0x000000072b000000|  0%| F|  |TAMS 0x000000072ae00000, 0x000000072ae00000| Untracked 
|  75|0x000000072b000000, 0x000000072b000000, 0x000000072b200000|  0%| F|  |TAMS 0x000000072b000000, 0x000000072b000000| Untracked 
|  76|0x000000072b200000, 0x000000072b200000, 0x000000072b400000|  0%| F|  |TAMS 0x000000072b200000, 0x000000072b200000| Untracked 
|  77|0x000000072b400000, 0x000000072b400000, 0x000000072b600000|  0%| F|  |TAMS 0x000000072b400000, 0x000000072b400000| Untracked 
|  78|0x000000072b600000, 0x000000072b600000, 0x000000072b800000|  0%| F|  |TAMS 0x000000072b600000, 0x000000072b600000| Untracked 
|  79|0x000000072b800000, 0x000000072b800000, 0x000000072ba00000|  0%| F|  |TAMS 0x000000072b800000, 0x000000072b800000| Untracked 
|  80|0x000000072ba00000, 0x000000072ba00000, 0x000000072bc00000|  0%| F|  |TAMS 0x000000072ba00000, 0x000000072ba00000| Untracked 
|  81|0x000000072bc00000, 0x000000072bc4cdb0, 0x000000072be00000| 15%| S|CS|TAMS 0x000000072bc00000, 0x000000072bc00000| Complete 
|  82|0x000000072be00000, 0x000000072be00000, 0x000000072c000000|  0%| F|  |TAMS 0x000000072be00000, 0x000000072be00000| Untracked 
|  83|0x000000072c000000, 0x000000072c000000, 0x000000072c200000|  0%| F|  |TAMS 0x000000072c000000, 0x000000072c000000| Untracked 
|  84|0x000000072c200000, 0x000000072c200000, 0x000000072c400000|  0%| F|  |TAMS 0x000000072c200000, 0x000000072c200000| Untracked 
|  85|0x000000072c400000, 0x000000072c400000, 0x000000072c600000|  0%| F|  |TAMS 0x000000072c400000, 0x000000072c400000| Untracked 
|  86|0x000000072c600000, 0x000000072c600000, 0x000000072c800000|  0%| F|  |TAMS 0x000000072c600000, 0x000000072c600000| Untracked 
|  87|0x000000072c800000, 0x000000072c800000, 0x000000072ca00000|  0%| F|  |TAMS 0x000000072c800000, 0x000000072c800000| Untracked 
|  88|0x000000072ca00000, 0x000000072ca00000, 0x000000072cc00000|  0%| F|  |TAMS 0x000000072ca00000, 0x000000072ca00000| Untracked 
|  89|0x000000072cc00000, 0x000000072cc00000, 0x000000072ce00000|  0%| F|  |TAMS 0x000000072cc00000, 0x000000072cc00000| Untracked 
|  90|0x000000072ce00000, 0x000000072ce00000, 0x000000072d000000|  0%| F|  |TAMS 0x000000072ce00000, 0x000000072ce00000| Untracked 
|  91|0x000000072d000000, 0x000000072d000000, 0x000000072d200000|  0%| F|  |TAMS 0x000000072d000000, 0x000000072d000000| Untracked 
|  92|0x000000072d200000, 0x000000072d200000, 0x000000072d400000|  0%| F|  |TAMS 0x000000072d200000, 0x000000072d200000| Untracked 
|  93|0x000000072d400000, 0x000000072d400000, 0x000000072d600000|  0%| F|  |TAMS 0x000000072d400000, 0x000000072d400000| Untracked 
|  94|0x000000072d600000, 0x000000072d600000, 0x000000072d800000|  0%| F|  |TAMS 0x000000072d600000, 0x000000072d600000| Untracked 
|  95|0x000000072d800000, 0x000000072d800000, 0x000000072da00000|  0%| F|  |TAMS 0x000000072d800000, 0x000000072d800000| Untracked 
|  96|0x000000072da00000, 0x000000072da00000, 0x000000072dc00000|  0%| F|  |TAMS 0x000000072da00000, 0x000000072da00000| Untracked 
|  97|0x000000072dc00000, 0x000000072dc00000, 0x000000072de00000|  0%| F|  |TAMS 0x000000072dc00000, 0x000000072dc00000| Untracked 
|  98|0x000000072de00000, 0x000000072de00000, 0x000000072e000000|  0%| F|  |TAMS 0x000000072de00000, 0x000000072de00000| Untracked 
|  99|0x000000072e000000, 0x000000072e000000, 0x000000072e200000|  0%| F|  |TAMS 0x000000072e000000, 0x000000072e000000| Untracked 
| 100|0x000000072e200000, 0x000000072e200000, 0x000000072e400000|  0%| F|  |TAMS 0x000000072e200000, 0x000000072e200000| Untracked 
| 101|0x000000072e400000, 0x000000072e400000, 0x000000072e600000|  0%| F|  |TAMS 0x000000072e400000, 0x000000072e400000| Untracked 
| 102|0x000000072e600000, 0x000000072e600000, 0x000000072e800000|  0%| F|  |TAMS 0x000000072e600000, 0x000000072e600000| Untracked 
| 103|0x000000072e800000, 0x000000072e800000, 0x000000072ea00000|  0%| F|  |TAMS 0x000000072e800000, 0x000000072e800000| Untracked 
| 104|0x000000072ea00000, 0x000000072ea00000, 0x000000072ec00000|  0%| F|  |TAMS 0x000000072ea00000, 0x000000072ea00000| Untracked 
| 105|0x000000072ec00000, 0x000000072ec00000, 0x000000072ee00000|  0%| F|  |TAMS 0x000000072ec00000, 0x000000072ec00000| Untracked 
| 106|0x000000072ee00000, 0x000000072ee00000, 0x000000072f000000|  0%| F|  |TAMS 0x000000072ee00000, 0x000000072ee00000| Untracked 
| 107|0x000000072f000000, 0x000000072f000000, 0x000000072f200000|  0%| F|  |TAMS 0x000000072f000000, 0x000000072f000000| Untracked 
| 108|0x000000072f200000, 0x000000072f200000, 0x000000072f400000|  0%| F|  |TAMS 0x000000072f200000, 0x000000072f200000| Untracked 
| 109|0x000000072f400000, 0x000000072f400000, 0x000000072f600000|  0%| F|  |TAMS 0x000000072f400000, 0x000000072f400000| Untracked 
| 110|0x000000072f600000, 0x000000072f600000, 0x000000072f800000|  0%| F|  |TAMS 0x000000072f600000, 0x000000072f600000| Untracked 
| 111|0x000000072f800000, 0x000000072f800000, 0x000000072fa00000|  0%| F|  |TAMS 0x000000072f800000, 0x000000072f800000| Untracked 
| 112|0x000000072fa00000, 0x000000072fa00000, 0x000000072fc00000|  0%| F|  |TAMS 0x000000072fa00000, 0x000000072fa00000| Untracked 
| 113|0x000000072fc00000, 0x000000072fc00000, 0x000000072fe00000|  0%| F|  |TAMS 0x000000072fc00000, 0x000000072fc00000| Untracked 
| 114|0x000000072fe00000, 0x000000072fe00000, 0x0000000730000000|  0%| F|  |TAMS 0x000000072fe00000, 0x000000072fe00000| Untracked 
| 115|0x0000000730000000, 0x0000000730000000, 0x0000000730200000|  0%| F|  |TAMS 0x0000000730000000, 0x0000000730000000| Untracked 
| 116|0x0000000730200000, 0x0000000730200000, 0x0000000730400000|  0%| F|  |TAMS 0x0000000730200000, 0x0000000730200000| Untracked 
| 117|0x0000000730400000, 0x0000000730400000, 0x0000000730600000|  0%| F|  |TAMS 0x0000000730400000, 0x0000000730400000| Untracked 
| 118|0x0000000730600000, 0x0000000730600000, 0x0000000730800000|  0%| F|  |TAMS 0x0000000730600000, 0x0000000730600000| Untracked 
| 119|0x0000000730800000, 0x0000000730800000, 0x0000000730a00000|  0%| F|  |TAMS 0x0000000730800000, 0x0000000730800000| Untracked 
| 120|0x0000000730a00000, 0x0000000730a00000, 0x0000000730c00000|  0%| F|  |TAMS 0x0000000730a00000, 0x0000000730a00000| Untracked 
| 121|0x0000000730c00000, 0x0000000730c00000, 0x0000000730e00000|  0%| F|  |TAMS 0x0000000730c00000, 0x0000000730c00000| Untracked 
| 122|0x0000000730e00000, 0x0000000730e00000, 0x0000000731000000|  0%| F|  |TAMS 0x0000000730e00000, 0x0000000730e00000| Untracked 
| 123|0x0000000731000000, 0x0000000731000000, 0x0000000731200000|  0%| F|  |TAMS 0x0000000731000000, 0x0000000731000000| Untracked 
| 124|0x0000000731200000, 0x0000000731200000, 0x0000000731400000|  0%| F|  |TAMS 0x0000000731200000, 0x0000000731200000| Untracked 
| 125|0x0000000731400000, 0x000000073148f1b8, 0x0000000731600000| 27%| E|  |TAMS 0x0000000731400000, 0x0000000731400000| Complete 
| 126|0x0000000731600000, 0x0000000731800000, 0x0000000731800000|100%| E|CS|TAMS 0x0000000731600000, 0x0000000731600000| Complete 
| 127|0x0000000731800000, 0x0000000731a00000, 0x0000000731a00000|100%| E|CS|TAMS 0x0000000731800000, 0x0000000731800000| Complete 
| 128|0x0000000731a00000, 0x0000000731c00000, 0x0000000731c00000|100%| E|CS|TAMS 0x0000000731a00000, 0x0000000731a00000| Complete 
| 129|0x0000000731c00000, 0x0000000731e00000, 0x0000000731e00000|100%| E|CS|TAMS 0x0000000731c00000, 0x0000000731c00000| Complete 
| 130|0x0000000731e00000, 0x0000000732000000, 0x0000000732000000|100%| E|CS|TAMS 0x0000000731e00000, 0x0000000731e00000| Complete 
| 131|0x0000000732000000, 0x0000000732200000, 0x0000000732200000|100%| E|CS|TAMS 0x0000000732000000, 0x0000000732000000| Complete 
| 132|0x0000000732200000, 0x0000000732400000, 0x0000000732400000|100%| E|CS|TAMS 0x0000000732200000, 0x0000000732200000| Complete 
| 133|0x0000000732400000, 0x0000000732600000, 0x0000000732600000|100%| E|CS|TAMS 0x0000000732400000, 0x0000000732400000| Complete 
| 134|0x0000000732600000, 0x0000000732800000, 0x0000000732800000|100%| E|CS|TAMS 0x0000000732600000, 0x0000000732600000| Complete 
| 135|0x0000000732800000, 0x0000000732a00000, 0x0000000732a00000|100%| E|CS|TAMS 0x0000000732800000, 0x0000000732800000| Complete 
| 136|0x0000000732a00000, 0x0000000732c00000, 0x0000000732c00000|100%| E|CS|TAMS 0x0000000732a00000, 0x0000000732a00000| Complete 
| 137|0x0000000732c00000, 0x0000000732e00000, 0x0000000732e00000|100%| E|CS|TAMS 0x0000000732c00000, 0x0000000732c00000| Complete 
| 138|0x0000000732e00000, 0x0000000733000000, 0x0000000733000000|100%| E|CS|TAMS 0x0000000732e00000, 0x0000000732e00000| Complete 
| 139|0x0000000733000000, 0x0000000733200000, 0x0000000733200000|100%| E|CS|TAMS 0x0000000733000000, 0x0000000733000000| Complete 
| 140|0x0000000733200000, 0x0000000733400000, 0x0000000733400000|100%| E|CS|TAMS 0x0000000733200000, 0x0000000733200000| Complete 
| 141|0x0000000733400000, 0x0000000733600000, 0x0000000733600000|100%| E|CS|TAMS 0x0000000733400000, 0x0000000733400000| Complete 
| 142|0x0000000733600000, 0x0000000733800000, 0x0000000733800000|100%| E|CS|TAMS 0x0000000733600000, 0x0000000733600000| Complete 
| 143|0x0000000733800000, 0x0000000733a00000, 0x0000000733a00000|100%| E|CS|TAMS 0x0000000733800000, 0x0000000733800000| Complete 
| 144|0x0000000733a00000, 0x0000000733c00000, 0x0000000733c00000|100%| E|CS|TAMS 0x0000000733a00000, 0x0000000733a00000| Complete 
| 145|0x0000000733c00000, 0x0000000733e00000, 0x0000000733e00000|100%| E|CS|TAMS 0x0000000733c00000, 0x0000000733c00000| Complete 
| 146|0x0000000733e00000, 0x0000000734000000, 0x0000000734000000|100%| E|CS|TAMS 0x0000000733e00000, 0x0000000733e00000| Complete 
| 147|0x0000000734000000, 0x0000000734200000, 0x0000000734200000|100%| E|CS|TAMS 0x0000000734000000, 0x0000000734000000| Complete 
| 148|0x0000000734200000, 0x0000000734400000, 0x0000000734400000|100%| E|CS|TAMS 0x0000000734200000, 0x0000000734200000| Complete 
| 149|0x0000000734400000, 0x0000000734600000, 0x0000000734600000|100%| E|CS|TAMS 0x0000000734400000, 0x0000000734400000| Complete 
| 150|0x0000000734600000, 0x0000000734800000, 0x0000000734800000|100%| E|CS|TAMS 0x0000000734600000, 0x0000000734600000| Complete 
| 151|0x0000000734800000, 0x0000000734a00000, 0x0000000734a00000|100%| E|CS|TAMS 0x0000000734800000, 0x0000000734800000| Complete 
| 152|0x0000000734a00000, 0x0000000734c00000, 0x0000000734c00000|100%| E|CS|TAMS 0x0000000734a00000, 0x0000000734a00000| Complete 
| 153|0x0000000734c00000, 0x0000000734e00000, 0x0000000734e00000|100%| E|CS|TAMS 0x0000000734c00000, 0x0000000734c00000| Complete 
| 154|0x0000000734e00000, 0x0000000735000000, 0x0000000735000000|100%| E|CS|TAMS 0x0000000734e00000, 0x0000000734e00000| Complete 
| 155|0x0000000735000000, 0x0000000735200000, 0x0000000735200000|100%| E|CS|TAMS 0x0000000735000000, 0x0000000735000000| Complete 
| 156|0x0000000735200000, 0x0000000735400000, 0x0000000735400000|100%| E|CS|TAMS 0x0000000735200000, 0x0000000735200000| Complete 
| 157|0x0000000735400000, 0x0000000735600000, 0x0000000735600000|100%| E|CS|TAMS 0x0000000735400000, 0x0000000735400000| Complete 
| 158|0x0000000735600000, 0x0000000735800000, 0x0000000735800000|100%| E|CS|TAMS 0x0000000735600000, 0x0000000735600000| Complete 
| 159|0x0000000735800000, 0x0000000735a00000, 0x0000000735a00000|100%| E|CS|TAMS 0x0000000735800000, 0x0000000735800000| Complete 
| 160|0x0000000735a00000, 0x0000000735c00000, 0x0000000735c00000|100%| E|CS|TAMS 0x0000000735a00000, 0x0000000735a00000| Complete 
| 161|0x0000000735c00000, 0x0000000735e00000, 0x0000000735e00000|100%| E|CS|TAMS 0x0000000735c00000, 0x0000000735c00000| Complete 
| 162|0x0000000735e00000, 0x0000000736000000, 0x0000000736000000|100%| E|CS|TAMS 0x0000000735e00000, 0x0000000735e00000| Complete 
| 163|0x0000000736000000, 0x0000000736200000, 0x0000000736200000|100%| E|CS|TAMS 0x0000000736000000, 0x0000000736000000| Complete 
| 164|0x0000000736200000, 0x0000000736400000, 0x0000000736400000|100%| E|CS|TAMS 0x0000000736200000, 0x0000000736200000| Complete 
| 165|0x0000000736400000, 0x0000000736600000, 0x0000000736600000|100%| E|CS|TAMS 0x0000000736400000, 0x0000000736400000| Complete 
| 166|0x0000000736600000, 0x0000000736800000, 0x0000000736800000|100%| E|CS|TAMS 0x0000000736600000, 0x0000000736600000| Complete 
| 167|0x0000000736800000, 0x0000000736a00000, 0x0000000736a00000|100%| E|CS|TAMS 0x0000000736800000, 0x0000000736800000| Complete 
| 168|0x0000000736a00000, 0x0000000736c00000, 0x0000000736c00000|100%| E|CS|TAMS 0x0000000736a00000, 0x0000000736a00000| Complete 
| 169|0x0000000736c00000, 0x0000000736e00000, 0x0000000736e00000|100%| E|CS|TAMS 0x0000000736c00000, 0x0000000736c00000| Complete 
| 170|0x0000000736e00000, 0x0000000737000000, 0x0000000737000000|100%| E|CS|TAMS 0x0000000736e00000, 0x0000000736e00000| Complete 
| 171|0x0000000737000000, 0x0000000737200000, 0x0000000737200000|100%| E|CS|TAMS 0x0000000737000000, 0x0000000737000000| Complete 
| 172|0x0000000737200000, 0x0000000737400000, 0x0000000737400000|100%| E|CS|TAMS 0x0000000737200000, 0x0000000737200000| Complete 
| 173|0x0000000737400000, 0x0000000737600000, 0x0000000737600000|100%| E|CS|TAMS 0x0000000737400000, 0x0000000737400000| Complete 
| 174|0x0000000737600000, 0x0000000737800000, 0x0000000737800000|100%| E|CS|TAMS 0x0000000737600000, 0x0000000737600000| Complete 
| 175|0x0000000737800000, 0x0000000737a00000, 0x0000000737a00000|100%| E|CS|TAMS 0x0000000737800000, 0x0000000737800000| Complete 
| 176|0x0000000737a00000, 0x0000000737c00000, 0x0000000737c00000|100%| E|CS|TAMS 0x0000000737a00000, 0x0000000737a00000| Complete 
| 177|0x0000000737c00000, 0x0000000737e00000, 0x0000000737e00000|100%| E|CS|TAMS 0x0000000737c00000, 0x0000000737c00000| Complete 
| 178|0x0000000737e00000, 0x0000000738000000, 0x0000000738000000|100%| E|CS|TAMS 0x0000000737e00000, 0x0000000737e00000| Complete 
| 179|0x0000000738000000, 0x0000000738200000, 0x0000000738200000|100%| E|CS|TAMS 0x0000000738000000, 0x0000000738000000| Complete 
| 180|0x0000000738200000, 0x0000000738400000, 0x0000000738400000|100%| E|CS|TAMS 0x0000000738200000, 0x0000000738200000| Complete 
| 181|0x0000000738400000, 0x0000000738600000, 0x0000000738600000|100%| E|CS|TAMS 0x0000000738400000, 0x0000000738400000| Complete 
| 182|0x0000000738600000, 0x0000000738800000, 0x0000000738800000|100%| E|CS|TAMS 0x0000000738600000, 0x0000000738600000| Complete 
| 183|0x0000000738800000, 0x0000000738a00000, 0x0000000738a00000|100%| E|CS|TAMS 0x0000000738800000, 0x0000000738800000| Complete 
| 184|0x0000000738a00000, 0x0000000738c00000, 0x0000000738c00000|100%| E|CS|TAMS 0x0000000738a00000, 0x0000000738a00000| Complete 
| 185|0x0000000738c00000, 0x0000000738e00000, 0x0000000738e00000|100%| E|CS|TAMS 0x0000000738c00000, 0x0000000738c00000| Complete 
| 186|0x0000000738e00000, 0x0000000739000000, 0x0000000739000000|100%| E|CS|TAMS 0x0000000738e00000, 0x0000000738e00000| Complete 
| 187|0x0000000739000000, 0x0000000739200000, 0x0000000739200000|100%| E|CS|TAMS 0x0000000739000000, 0x0000000739000000| Complete 
| 188|0x0000000739200000, 0x0000000739400000, 0x0000000739400000|100%| E|CS|TAMS 0x0000000739200000, 0x0000000739200000| Complete 
| 189|0x0000000739400000, 0x0000000739600000, 0x0000000739600000|100%| E|CS|TAMS 0x0000000739400000, 0x0000000739400000| Complete 
| 190|0x0000000739600000, 0x0000000739800000, 0x0000000739800000|100%| E|CS|TAMS 0x0000000739600000, 0x0000000739600000| Complete 
| 191|0x0000000739800000, 0x0000000739a00000, 0x0000000739a00000|100%| E|CS|TAMS 0x0000000739800000, 0x0000000739800000| Complete 
| 192|0x0000000739a00000, 0x0000000739c00000, 0x0000000739c00000|100%| E|CS|TAMS 0x0000000739a00000, 0x0000000739a00000| Complete 
| 193|0x0000000739c00000, 0x0000000739e00000, 0x0000000739e00000|100%| E|CS|TAMS 0x0000000739c00000, 0x0000000739c00000| Complete 
| 194|0x0000000739e00000, 0x000000073a000000, 0x000000073a000000|100%| E|CS|TAMS 0x0000000739e00000, 0x0000000739e00000| Complete 
| 195|0x000000073a000000, 0x000000073a200000, 0x000000073a200000|100%| E|CS|TAMS 0x000000073a000000, 0x000000073a000000| Complete 
| 196|0x000000073a200000, 0x000000073a400000, 0x000000073a400000|100%| E|CS|TAMS 0x000000073a200000, 0x000000073a200000| Complete 
| 197|0x000000073a400000, 0x000000073a600000, 0x000000073a600000|100%| E|CS|TAMS 0x000000073a400000, 0x000000073a400000| Complete 
| 198|0x000000073a600000, 0x000000073a800000, 0x000000073a800000|100%| E|CS|TAMS 0x000000073a600000, 0x000000073a600000| Complete 
| 199|0x000000073a800000, 0x000000073aa00000, 0x000000073aa00000|100%| E|CS|TAMS 0x000000073a800000, 0x000000073a800000| Complete 
| 200|0x000000073aa00000, 0x000000073ac00000, 0x000000073ac00000|100%| E|CS|TAMS 0x000000073aa00000, 0x000000073aa00000| Complete 
| 201|0x000000073ac00000, 0x000000073ae00000, 0x000000073ae00000|100%| E|CS|TAMS 0x000000073ac00000, 0x000000073ac00000| Complete 
| 202|0x000000073ae00000, 0x000000073b000000, 0x000000073b000000|100%| E|CS|TAMS 0x000000073ae00000, 0x000000073ae00000| Complete 
| 203|0x000000073b000000, 0x000000073b200000, 0x000000073b200000|100%| E|CS|TAMS 0x000000073b000000, 0x000000073b000000| Complete 
| 204|0x000000073b200000, 0x000000073b400000, 0x000000073b400000|100%| E|CS|TAMS 0x000000073b200000, 0x000000073b200000| Complete 
|1776|0x00000007ffa00000, 0x00000007ffc00000, 0x00000007ffc00000|100%| O|  |TAMS 0x00000007ffc00000, 0x00000007ffa00000| Untracked 
|1777|0x00000007ffc00000, 0x00000007ffe00000, 0x00000007ffe00000|100%| O|  |TAMS 0x00000007ffe00000, 0x00000007ffc00000| Untracked 
|1778|0x00000007ffe00000, 0x0000000800000000, 0x0000000800000000|100%| O|  |TAMS 0x0000000800000000, 0x00000007ffe00000| Untracked 

Card table byte_map: [0x000001f17f510000,0x000001f17fc10000] _byte_map_base: 0x000001f17bc03000

Marking Bits (Prev, Next): (CMBitMap*) 0x000001f17e544e10, (CMBitMap*) 0x000001f17e544e50
 Prev Bits: [0x000001f1175a0000, 0x000001f11ad38000)
 Next Bits: [0x000001f11ad40000, 0x000001f11e4d8000)

Polling page: 0x000001f17dc90000

Metaspace:

Usage:
  Non-class:     23.87 MB used.
      Class:      2.62 MB used.
       Both:     26.48 MB used.

Virtual space:
  Non-class space:       64.00 MB reserved,      24.00 MB ( 38%) committed,  1 nodes.
      Class space:        1.00 GB reserved,       2.75 MB ( <1%) committed,  1 nodes.
             Both:        1.06 GB reserved,      26.75 MB (  2%) committed. 

Chunk freelists:
   Non-Class:  32.00 KB
       Class:  1.14 MB
        Both:  1.17 MB

MaxMetaspaceSize: unlimited
CompressedClassSpaceSize: 1.00 GB
Initial GC threshold: 21.00 MB
Current GC threshold: 41.69 MB
CDS: on
MetaspaceReclaimPolicy: balanced
 - commit_granule_bytes: 65536.
 - commit_granule_words: 8192.
 - virtual_space_node_default_size: 8388608.
 - enlarge_chunks_in_place: 1.
 - new_chunks_are_fully_committed: 0.
 - uncommit_free_chunks: 1.
 - use_allocation_guard: 0.


Internal statistics:

num_allocs_failed_limit: 3.
num_arena_births: 202.
num_arena_deaths: 0.
num_vsnodes_births: 2.
num_vsnodes_deaths: 0.
num_space_committed: 428.
num_space_uncommitted: 0.
num_chunks_returned_to_freelist: 3.
num_chunks_taken_from_freelist: 481.
num_chunk_merges: 0.
num_chunk_splits: 303.
num_chunks_enlarged: 205.
num_inconsistent_stats: 0.

CodeHeap 'non-profiled nmethods': size=119168Kb used=4928Kb max_used=4936Kb free=114239Kb
 bounds [0x000001f10fa40000, 0x000001f10ff40000, 0x000001f116ea0000]
CodeHeap 'profiled nmethods': size=119104Kb used=11621Kb max_used=11854Kb free=107482Kb
 bounds [0x000001f107ea0000, 0x000001f108a40000, 0x000001f10f2f0000]
CodeHeap 'non-nmethods': size=7488Kb used=1543Kb max_used=3342Kb free=5944Kb
 bounds [0x000001f10f2f0000, 0x000001f10f640000, 0x000001f10fa40000]
 total_blobs=6736 nmethods=5912 adapters=731
 compilation: enabled
              stopped_count=0, restarted_count=0
 full_count=0

Compilation events (20 events):
Event: 74.522 Thread 0x000001f121175e60 7345       3       sun.java2d.pipe.BufferedRenderPipe$BufferedDrawHandler::drawScanline (82 bytes)
Event: 74.522 Thread 0x000001f121175e60 nmethod 7345 0x000001f108168210 code [0x000001f108168420, 0x000001f108168858]
Event: 74.522 Thread 0x000001f121175e60 7346       1       javax.swing.plaf.basic.BasicScrollBarUI::getMaximumThumbSize (5 bytes)
Event: 74.522 Thread 0x000001f121175e60 nmethod 7346 0x000001f10fdb7c90 code [0x000001f10fdb7e20, 0x000001f10fdb7ef8]
Event: 74.523 Thread 0x000001f121175e60 7347  s    3       java.awt.geom.Path2D::reset (11 bytes)
Event: 74.523 Thread 0x000001f121175e60 nmethod 7347 0x000001f108167c90 code [0x000001f108167e20, 0x000001f108167fd8]
Event: 74.523 Thread 0x000001f121175e60 7348  s    3       java.awt.geom.Path2D$Float::moveTo (110 bytes)
Event: 74.523 Thread 0x000001f121175e60 nmethod 7348 0x000001f108808c90 code [0x000001f108808e60, 0x000001f1088092c8]
Event: 74.523 Thread 0x000001f121175e60 7349       3       javax.swing.plaf.BorderUIResource::paintBorder (19 bytes)
Event: 74.523 Thread 0x000001f121175e60 nmethod 7349 0x000001f108808810 code [0x000001f1088089c0, 0x000001f108808ba8]
Event: 74.523 Thread 0x000001f121175e60 7350       3       javax.swing.border.EmptyBorder::paintBorder (1 bytes)
Event: 74.523 Thread 0x000001f121175e60 nmethod 7350 0x000001f108808490 code [0x000001f108808620, 0x000001f108808738]
Event: 74.525 Thread 0x000001f121175e60 7351   !   3       javax.swing.JViewport::setViewPosition (359 bytes)
Event: 74.527 Thread 0x000001f121175e60 nmethod 7351 0x000001f107fa4b90 code [0x000001f107fa5060, 0x000001f107fa7b08]
Event: 74.527 Thread 0x000001f121175e60 7352       3       java.awt.EventQueue::uncacheEQItem (53 bytes)
Event: 74.527 Thread 0x000001f121175e60 nmethod 7352 0x000001f108807990 code [0x000001f108807b80, 0x000001f1088082a8]
Event: 74.528 Thread 0x000001f121175e60 7353   !   3       java.awt.EventQueue::getNextEvent (84 bytes)
Event: 74.528 Thread 0x000001f121175e60 nmethod 7353 0x000001f108806b10 code [0x000001f108806d60, 0x000001f108807608]
Event: 74.529 Thread 0x000001f121175e60 7354  s    3       javax.swing.text.DefaultCaret::repaint (31 bytes)
Event: 74.529 Thread 0x000001f121175e60 nmethod 7354 0x000001f108806510 code [0x000001f1088066c0, 0x000001f108806988]

GC Heap History (20 events):
Event: 18.485 GC heap before
{Heap before GC invocations=45 (full 0):
 garbage-first heap   total 294912K, used 225580K [0x0000000721a00000, 0x0000000800000000)
  region size 2048K, 86 young (176128K), 5 survivors (10240K)
 Metaspace       used 26638K, committed 26944K, reserved 1114112K
  class space    used 2672K, committed 2816K, reserved 1048576K
}
Event: 18.487 GC heap after
{Heap after GC invocations=46 (full 0):
 garbage-first heap   total 294912K, used 59396K [0x0000000721a00000, 0x0000000800000000)
  region size 2048K, 5 young (10240K), 5 survivors (10240K)
 Metaspace       used 26638K, committed 26944K, reserved 1114112K
  class space    used 2672K, committed 2816K, reserved 1048576K
}
Event: 18.579 GC heap before
{Heap before GC invocations=46 (full 0):
 garbage-first heap   total 294912K, used 225284K [0x0000000721a00000, 0x0000000800000000)
  region size 2048K, 86 young (176128K), 5 survivors (10240K)
 Metaspace       used 26638K, committed 26944K, reserved 1114112K
  class space    used 2672K, committed 2816K, reserved 1048576K
}
Event: 18.581 GC heap after
{Heap after GC invocations=47 (full 0):
 garbage-first heap   total 294912K, used 59394K [0x0000000721a00000, 0x0000000800000000)
  region size 2048K, 5 young (10240K), 5 survivors (10240K)
 Metaspace       used 26638K, committed 26944K, reserved 1114112K
  class space    used 2672K, committed 2816K, reserved 1048576K
}
Event: 18.703 GC heap before
{Heap before GC invocations=47 (full 0):
 garbage-first heap   total 294912K, used 225282K [0x0000000721a00000, 0x0000000800000000)
  region size 2048K, 86 young (176128K), 5 survivors (10240K)
 Metaspace       used 26638K, committed 26944K, reserved 1114112K
  class space    used 2672K, committed 2816K, reserved 1048576K
}
Event: 18.706 GC heap after
{Heap after GC invocations=48 (full 0):
 garbage-first heap   total 354304K, used 59688K [0x0000000721a00000, 0x0000000800000000)
  region size 2048K, 5 young (10240K), 5 survivors (10240K)
 Metaspace       used 26638K, committed 26944K, reserved 1114112K
  class space    used 2672K, committed 2816K, reserved 1048576K
}
Event: 18.842 GC heap before
{Heap before GC invocations=48 (full 0):
 garbage-first heap   total 354304K, used 260392K [0x0000000721a00000, 0x0000000800000000)
  region size 2048K, 103 young (210944K), 5 survivors (10240K)
 Metaspace       used 26638K, committed 26944K, reserved 1114112K
  class space    used 2672K, committed 2816K, reserved 1048576K
}
Event: 18.844 GC heap after
{Heap after GC invocations=49 (full 0):
 garbage-first heap   total 354304K, used 59684K [0x0000000721a00000, 0x0000000800000000)
  region size 2048K, 5 young (10240K), 5 survivors (10240K)
 Metaspace       used 26638K, committed 26944K, reserved 1114112K
  class space    used 2672K, committed 2816K, reserved 1048576K
}
Event: 18.936 GC heap before
{Heap before GC invocations=49 (full 0):
 garbage-first heap   total 354304K, used 260388K [0x0000000721a00000, 0x0000000800000000)
  region size 2048K, 103 young (210944K), 5 survivors (10240K)
 Metaspace       used 26638K, committed 26944K, reserved 1114112K
  class space    used 2672K, committed 2816K, reserved 1048576K
}
Event: 18.938 GC heap after
{Heap after GC invocations=50 (full 0):
 garbage-first heap   total 354304K, used 59386K [0x0000000721a00000, 0x0000000800000000)
  region size 2048K, 5 young (10240K), 5 survivors (10240K)
 Metaspace       used 26638K, committed 26944K, reserved 1114112K
  class space    used 2672K, committed 2816K, reserved 1048576K
}
Event: 19.069 GC heap before
{Heap before GC invocations=50 (full 0):
 garbage-first heap   total 354304K, used 260090K [0x0000000721a00000, 0x0000000800000000)
  region size 2048K, 103 young (210944K), 5 survivors (10240K)
 Metaspace       used 26639K, committed 26944K, reserved 1114112K
  class space    used 2672K, committed 2816K, reserved 1048576K
}
Event: 19.072 GC heap after
{Heap after GC invocations=51 (full 0):
 garbage-first heap   total 354304K, used 59307K [0x0000000721a00000, 0x0000000800000000)
  region size 2048K, 5 young (10240K), 5 survivors (10240K)
 Metaspace       used 26639K, committed 26944K, reserved 1114112K
  class space    used 2672K, committed 2816K, reserved 1048576K
}
Event: 19.197 GC heap before
{Heap before GC invocations=51 (full 0):
 garbage-first heap   total 354304K, used 260011K [0x0000000721a00000, 0x0000000800000000)
  region size 2048K, 103 young (210944K), 5 survivors (10240K)
 Metaspace       used 26639K, committed 26944K, reserved 1114112K
  class space    used 2672K, committed 2816K, reserved 1048576K
}
Event: 19.199 GC heap after
{Heap after GC invocations=52 (full 0):
 garbage-first heap   total 425984K, used 59625K [0x0000000721a00000, 0x0000000800000000)
  region size 2048K, 4 young (8192K), 4 survivors (8192K)
 Metaspace       used 26639K, committed 26944K, reserved 1114112K
  class space    used 2672K, committed 2816K, reserved 1048576K
}
Event: 19.378 GC heap before
{Heap before GC invocations=52 (full 0):
 garbage-first heap   total 425984K, used 305385K [0x0000000721a00000, 0x0000000800000000)
  region size 2048K, 124 young (253952K), 4 survivors (8192K)
 Metaspace       used 26639K, committed 26944K, reserved 1114112K
  class space    used 2672K, committed 2816K, reserved 1048576K
}
Event: 19.380 GC heap after
{Heap after GC invocations=53 (full 0):
 garbage-first heap   total 425984K, used 59367K [0x0000000721a00000, 0x0000000800000000)
  region size 2048K, 2 young (4096K), 2 survivors (4096K)
 Metaspace       used 26639K, committed 26944K, reserved 1114112K
  class space    used 2672K, committed 2816K, reserved 1048576K
}
Event: 19.505 GC heap before
{Heap before GC invocations=53 (full 0):
 garbage-first heap   total 425984K, used 309223K [0x0000000721a00000, 0x0000000800000000)
  region size 2048K, 124 young (253952K), 2 survivors (4096K)
 Metaspace       used 26639K, committed 26944K, reserved 1114112K
  class space    used 2672K, committed 2816K, reserved 1048576K
}
Event: 19.506 GC heap after
{Heap after GC invocations=54 (full 0):
 garbage-first heap   total 425984K, used 59413K [0x0000000721a00000, 0x0000000800000000)
  region size 2048K, 1 young (2048K), 1 survivors (2048K)
 Metaspace       used 26639K, committed 26944K, reserved 1114112K
  class space    used 2672K, committed 2816K, reserved 1048576K
}
Event: 19.625 GC heap before
{Heap before GC invocations=54 (full 0):
 garbage-first heap   total 425984K, used 311317K [0x0000000721a00000, 0x0000000800000000)
  region size 2048K, 124 young (253952K), 1 survivors (2048K)
 Metaspace       used 26639K, committed 26944K, reserved 1114112K
  class space    used 2672K, committed 2816K, reserved 1048576K
}
Event: 19.626 GC heap after
{Heap after GC invocations=55 (full 0):
 garbage-first heap   total 425984K, used 59462K [0x0000000721a00000, 0x0000000800000000)
  region size 2048K, 1 young (2048K), 1 survivors (2048K)
 Metaspace       used 26639K, committed 26944K, reserved 1114112K
  class space    used 2672K, committed 2816K, reserved 1048576K
}

Dll operation events (11 events):
Event: 0.012 Loaded shared library C:\Program Files\Java\jdk-19\bin\java.dll
Event: 0.020 Loaded shared library C:\Program Files\Java\jdk-19\bin\jsvml.dll
Event: 0.124 Loaded shared library C:\Program Files\Java\jdk-19\bin\net.dll
Event: 0.125 Loaded shared library C:\Program Files\Java\jdk-19\bin\nio.dll
Event: 0.136 Loaded shared library C:\Program Files\Java\jdk-19\bin\zip.dll
Event: 0.213 Loaded shared library C:\Program Files\Java\jdk-19\bin\jimage.dll
Event: 0.241 Loaded shared library C:\Program Files\Java\jdk-19\bin\awt.dll
Event: 0.507 Loaded shared library C:\Program Files\Java\jdk-19\bin\extnet.dll
Event: 0.585 Loaded shared library C:\Program Files\Java\jdk-19\bin\sunmscapi.dll
Event: 1.065 Loaded shared library C:\Program Files\Java\jdk-19\bin\freetype.dll
Event: 1.066 Loaded shared library C:\Program Files\Java\jdk-19\bin\fontmanager.dll

Deoptimization events (20 events):
Event: 74.451 Thread 0x000001f1264c4b70 DEOPT PACKING pc=0x000001f10fdd21e8 sp=0x000000a38cffccf0
Event: 74.451 Thread 0x000001f1264c4b70 DEOPT UNPACKING pc=0x000001f10f356da3 sp=0x000000a38cffccd8 mode 2
Event: 74.451 Thread 0x000001f1264c4b70 Uncommon trap: trap_request=0xffffffbe fr.pc=0x000001f10fc854a0 relative=0x0000000000000740
Event: 74.451 Thread 0x000001f1264c4b70 Uncommon trap: reason=profile_predicate action=maybe_recompile pc=0x000001f10fc854a0 method=java.awt.LinearGradientPaintContext.fillRaster([IIIIIII)V @ 53 c2
Event: 74.451 Thread 0x000001f1264c4b70 DEOPT PACKING pc=0x000001f10fc854a0 sp=0x000000a38cffcd10
Event: 74.451 Thread 0x000001f1264c4b70 DEOPT UNPACKING pc=0x000001f10f356da3 sp=0x000000a38cffccc8 mode 2
Event: 74.452 Thread 0x000001f1264c4b70 Uncommon trap: trap_request=0xffffffbe fr.pc=0x000001f10fdd21e8 relative=0x0000000000000888
Event: 74.452 Thread 0x000001f1264c4b70 Uncommon trap: reason=profile_predicate action=maybe_recompile pc=0x000001f10fdd21e8 method=java.awt.LinearGradientPaintContext.fillRaster([IIIIIII)V @ 50 c2
Event: 74.452 Thread 0x000001f1264c4b70 DEOPT PACKING pc=0x000001f10fdd21e8 sp=0x000000a38cffccf0
Event: 74.452 Thread 0x000001f1264c4b70 DEOPT UNPACKING pc=0x000001f10f356da3 sp=0x000000a38cffccd8 mode 2
Event: 74.452 Thread 0x000001f1264c4b70 Uncommon trap: trap_request=0xffffffbe fr.pc=0x000001f10fc854a0 relative=0x0000000000000740
Event: 74.452 Thread 0x000001f1264c4b70 Uncommon trap: reason=profile_predicate action=maybe_recompile pc=0x000001f10fc854a0 method=java.awt.LinearGradientPaintContext.fillRaster([IIIIIII)V @ 53 c2
Event: 74.452 Thread 0x000001f1264c4b70 DEOPT PACKING pc=0x000001f10fc854a0 sp=0x000000a38cffcd10
Event: 74.452 Thread 0x000001f1264c4b70 DEOPT UNPACKING pc=0x000001f10f356da3 sp=0x000000a38cffccc8 mode 2
Event: 74.456 Thread 0x000001f1264c4b70 DEOPT PACKING pc=0x000001f10891bf5d sp=0x000000a38cffcf60
Event: 74.456 Thread 0x000001f1264c4b70 DEOPT UNPACKING pc=0x000001f10f357543 sp=0x000000a38cffc3a0 mode 0
Event: 74.505 Thread 0x000001f1264c4b70 DEOPT PACKING pc=0x000001f10867143a sp=0x000000a38cffcd80
Event: 74.505 Thread 0x000001f1264c4b70 DEOPT UNPACKING pc=0x000001f10f357543 sp=0x000000a38cffc180 mode 0
Event: 74.531 Thread 0x000001f1264c4b70 DEOPT PACKING pc=0x000001f108671142 sp=0x000000a38cffce00
Event: 74.531 Thread 0x000001f1264c4b70 DEOPT UNPACKING pc=0x000001f10f357543 sp=0x000000a38cffc1f8 mode 0

Classes loaded (20 events):
Event: 13.719 Loading class java/time/zone/ZoneOffsetTransitionRule$TimeDefinition
Event: 13.719 Loading class java/time/zone/ZoneOffsetTransitionRule$TimeDefinition done
Event: 13.722 Loading class sun/util/cldr/CLDRBaseLocaleDataMetaInfo$TZCanonicalIDMapHolder
Event: 13.723 Loading class sun/util/cldr/CLDRBaseLocaleDataMetaInfo$TZCanonicalIDMapHolder done
Event: 13.723 Loading class sun/util/resources/TimeZoneNames
Event: 13.725 Loading class sun/util/resources/TimeZoneNames done
Event: 13.725 Loading class sun/util/resources/TimeZoneNames_en
Event: 13.725 Loading class sun/util/resources/TimeZoneNames_en done
Event: 19.719 Loading class java/awt/geom/QuadCurve2D
Event: 19.719 Loading class java/awt/geom/QuadCurve2D done
Event: 19.724 Loading class sun/text/resources/cldr/FormatData_en
Event: 19.725 Loading class sun/text/resources/cldr/FormatData_en done
Event: 19.725 Loading class sun/text/resources/cldr/FormatData_en_US
Event: 19.725 Loading class sun/text/resources/cldr/FormatData_en_US done
Event: 19.736 Loading class sun/util/resources/ParallelListResourceBundle
Event: 19.737 Loading class sun/util/resources/ParallelListResourceBundle done
Event: 19.741 Loading class java/text/MessageFormat
Event: 19.742 Loading class java/text/MessageFormat done
Event: 19.742 Loading class java/text/MessageFormat$Field
Event: 19.742 Loading class java/text/MessageFormat$Field done

Classes unloaded (0 events):
No events

Classes redefined (0 events):
No events

Internal exceptions (20 events):
Event: 17.718 Thread 0x000001f126c623d0 Exception <a 'java/lang/ArrayIndexOutOfBoundsException'{0x000000072864e3a0}: Index 1 out of bounds for length 1> (0x000000072864e3a0) 
thrown [s\open\src\hotspot\share\interpreter\interpreterRuntime.cpp, line 432]
Event: 17.718 Thread 0x000001f126c623d0 Exception <a 'java/lang/ArrayIndexOutOfBoundsException'{0x000000072864e8b8}: Index 1 out of bounds for length 1> (0x000000072864e8b8) 
thrown [s\open\src\hotspot\share\interpreter\interpreterRuntime.cpp, line 432]
Event: 17.718 Thread 0x000001f126c623d0 Exception <a 'java/lang/ArrayIndexOutOfBoundsException'{0x000000072864ec18}: Index 1 out of bounds for length 1> (0x000000072864ec18) 
thrown [s\open\src\hotspot\share\interpreter\interpreterRuntime.cpp, line 432]
Event: 19.699 Thread 0x000001f126c623d0 Exception <a 'java/lang/ArrayIndexOutOfBoundsException'{0x0000000732e7dc28}: Index 1 out of bounds for length 1> (0x0000000732e7dc28) 
thrown [s\open\src\hotspot\share\interpreter\interpreterRuntime.cpp, line 432]
Event: 19.699 Thread 0x000001f126c623d0 Exception <a 'java/lang/ArrayIndexOutOfBoundsException'{0x0000000732e7df88}: Index 1 out of bounds for length 1> (0x0000000732e7df88) 
thrown [s\open\src\hotspot\share\interpreter\interpreterRuntime.cpp, line 432]
Event: 19.699 Thread 0x000001f126c623d0 Exception <a 'java/lang/ArrayIndexOutOfBoundsException'{0x0000000732e7ef30}: Index 1 out of bounds for length 1> (0x0000000732e7ef30) 
thrown [s\open\src\hotspot\share\interpreter\interpreterRuntime.cpp, line 432]
Event: 19.699 Thread 0x000001f126c623d0 Exception <a 'java/lang/ArrayIndexOutOfBoundsException'{0x0000000732e7f290}: Index 1 out of bounds for length 1> (0x0000000732e7f290) 
thrown [s\open\src\hotspot\share\interpreter\interpreterRuntime.cpp, line 432]
Event: 19.722 Thread 0x000001f1264c4b70 Implicit null exception at 0x000001f10fcaebcb to 0x000001f10fcaec66
Event: 19.722 Thread 0x000001f1264c4b70 Implicit null exception at 0x000001f10fe7c065 to 0x000001f10fe7c11b
Event: 19.722 Thread 0x000001f1264c4b70 Implicit null exception at 0x000001f10fcbdb85 to 0x000001f10fcbdc72
Event: 19.726 Thread 0x000001f1264c4b70 Implicit null exception at 0x000001f10fafa970 to 0x000001f10fafaa16
Event: 19.726 Thread 0x000001f1264c4b70 Implicit null exception at 0x000001f10fcf4e33 to 0x000001f10fcf4ec7
Event: 19.726 Thread 0x000001f1264c4b70 Implicit null exception at 0x000001f10fce5c57 to 0x000001f10fce5cf2
Event: 19.726 Thread 0x000001f1264c4b70 Implicit null exception at 0x000001f10fceb6d6 to 0x000001f10fceb778
Event: 19.737 Thread 0x000001f126c60940 Exception <a 'java/lang/InterruptedException'{0x0000000732b03f38}: sleep interrupted> (0x0000000732b03f38) 
thrown [s\open\src\hotspot\share\prims\jvm.cpp, line 3081]
Event: 74.451 Thread 0x000001f1264c4b70 Implicit null exception at 0x000001f10fc84e53 to 0x000001f10fc85466
Event: 74.451 Thread 0x000001f1264c4b70 Implicit null exception at 0x000001f10fdd1a29 to 0x000001f10fdd21a0
Event: 74.451 Thread 0x000001f1264c4b70 Implicit null exception at 0x000001f10fc84e53 to 0x000001f10fc85466
Event: 74.452 Thread 0x000001f1264c4b70 Implicit null exception at 0x000001f10fdd1a29 to 0x000001f10fdd21a0
Event: 74.452 Thread 0x000001f1264c4b70 Implicit null exception at 0x000001f10fc84e53 to 0x000001f10fc85466

VM Operations (20 events):
Event: 19.378 Executing VM operation: G1CollectForAllocation
Event: 19.380 Executing VM operation: G1CollectForAllocation done
Event: 19.505 Executing VM operation: G1CollectForAllocation
Event: 19.506 Executing VM operation: G1CollectForAllocation done
Event: 19.625 Executing VM operation: G1CollectForAllocation
Event: 19.626 Executing VM operation: G1CollectForAllocation done
Event: 19.902 Executing VM operation: HandshakeAllThreads
Event: 19.902 Executing VM operation: HandshakeAllThreads done
Event: 20.906 Executing VM operation: Cleanup
Event: 20.907 Executing VM operation: Cleanup done
Event: 21.920 Executing VM operation: Cleanup
Event: 21.920 Executing VM operation: Cleanup done
Event: 22.931 Executing VM operation: Cleanup
Event: 22.931 Executing VM operation: Cleanup done
Event: 52.216 Executing VM operation: Cleanup
Event: 52.216 Executing VM operation: Cleanup done
Event: 73.379 Executing VM operation: Cleanup
Event: 73.379 Executing VM operation: Cleanup done
Event: 74.394 Executing VM operation: Cleanup
Event: 74.394 Executing VM operation: Cleanup done

Events (20 events):
Event: 17.220 Thread 0x000001f121177fc0 flushing nmethod 0x000001f108910f90
Event: 17.220 Thread 0x000001f121177fc0 flushing nmethod 0x000001f108916d90
Event: 17.220 Thread 0x000001f121177fc0 flushing nmethod 0x000001f10892a590
Event: 17.220 Thread 0x000001f121177fc0 flushing nmethod 0x000001f10893b610
Event: 17.406 Thread 0x000001f12ff1b470 Thread exited: 0x000001f12ff1b470
Event: 17.714 Thread 0x000001f12ff1b470 Thread added: 0x000001f12ff1b470
Event: 18.630 Thread 0x000001f126ebaf00 Thread exited: 0x000001f126ebaf00
Event: 18.630 Thread 0x000001f12ff1b470 Thread exited: 0x000001f12ff1b470
Event: 19.002 Thread 0x000001f12d6015c0 Thread exited: 0x000001f12d6015c0
Event: 19.008 Thread 0x000001f1254e9190 Thread exited: 0x000001f1254e9190
Event: 19.704 Thread 0x000001f126c5fea0 Thread added: 0x000001f126c5fea0
Event: 19.730 Thread 0x000001f126ebaf00 Thread added: 0x000001f126ebaf00
Event: 19.731 Thread 0x000001f12ff1b470 Thread added: 0x000001f12ff1b470
Event: 19.813 Thread 0x000001f12d46a4f0 Thread added: 0x000001f12d46a4f0
Event: 19.907 Thread 0x000001f121177fc0 flushing nmethod 0x000001f1087d5090
Event: 19.907 Thread 0x000001f121177fc0 flushing nmethod 0x000001f1087d9e10
Event: 20.757 Thread 0x000001f12d46a4f0 Thread exited: 0x000001f12d46a4f0
Event: 21.541 Thread 0x000001f12ff1b470 Thread exited: 0x000001f12ff1b470
Event: 21.567 Thread 0x000001f126ebaf00 Thread exited: 0x000001f126ebaf00
Event: 24.747 Thread 0x000001f126c60940 Thread exited: 0x000001f126c60940


Dynamic libraries:
0x00007ff7dd5d0000 - 0x00007ff7dd5e0000 	C:\Program Files\Java\jdk-19\bin\java.exe
0x00007ffeca810000 - 0x00007ffecaa24000 	C:\Windows\SYSTEM32\ntdll.dll
0x00007ffec9470000 - 0x00007ffec9533000 	C:\Windows\System32\KERNEL32.DLL
0x00007ffec8160000 - 0x00007ffec84fc000 	C:\Windows\System32\KERNELBASE.dll
0x00007ffec8500000 - 0x00007ffec8611000 	C:\Windows\System32\ucrtbase.dll
0x00007ffec4760000 - 0x00007ffec477b000 	C:\Program Files\Java\jdk-19\bin\VCRUNTIME140.dll
0x00007ffeb3eb0000 - 0x00007ffeb3ec8000 	C:\Program Files\Java\jdk-19\bin\jli.dll
0x00007ffec9230000 - 0x00007ffec92de000 	C:\Windows\System32\ADVAPI32.dll
0x00007ffec9a60000 - 0x00007ffec9b07000 	C:\Windows\System32\msvcrt.dll
0x00007ffec9b10000 - 0x00007ffec9bb4000 	C:\Windows\System32\sechost.dll
0x00007ffec9600000 - 0x00007ffec9715000 	C:\Windows\System32\RPCRT4.dll
0x00007ffec9800000 - 0x00007ffec99ad000 	C:\Windows\System32\USER32.dll
0x00007ffec7eb0000 - 0x00007ffec7ed6000 	C:\Windows\System32\win32u.dll
0x00007ffeb3180000 - 0x00007ffeb340e000 	C:\Windows\WinSxS\amd64_microsoft.windows.common-controls_6595b64144ccf1df_6.0.22621.608_none_a9444ca7c10bb01d\COMCTL32.dll
0x00007ffec8fe0000 - 0x00007ffec9009000 	C:\Windows\System32\GDI32.dll
0x00007ffec8040000 - 0x00007ffec8152000 	C:\Windows\System32\gdi32full.dll
0x00007ffec7fa0000 - 0x00007ffec803a000 	C:\Windows\System32\msvcp_win.dll
0x00007ffec1ed0000 - 0x00007ffec1eda000 	C:\Windows\SYSTEM32\VERSION.dll
0x00007ffec9bc0000 - 0x00007ffec9bf2000 	C:\Windows\System32\IMM32.DLL
0x00007ffec4fe0000 - 0x00007ffec4fec000 	C:\Program Files\Java\jdk-19\bin\vcruntime140_1.dll
0x00007ffea5ff0000 - 0x00007ffea607e000 	C:\Program Files\Java\jdk-19\bin\msvcp140.dll
0x00007ffe82500000 - 0x00007ffe831c0000 	C:\Program Files\Java\jdk-19\bin\server\jvm.dll
0x00007ffec20f0000 - 0x00007ffec2124000 	C:\Windows\SYSTEM32\WINMM.dll
0x00007ffec4ff0000 - 0x00007ffec4ff9000 	C:\Windows\SYSTEM32\WSOCK32.dll
0x00007ffec8690000 - 0x00007ffec8701000 	C:\Windows\System32\WS2_32.dll
0x00007ffec6ca0000 - 0x00007ffec6cb8000 	C:\Windows\SYSTEM32\kernel.appcore.dll
0x00007ffec4740000 - 0x00007ffec474a000 	C:\Program Files\Java\jdk-19\bin\jimage.dll
0x00007ffec0580000 - 0x00007ffec07ae000 	C:\Windows\SYSTEM32\DBGHELP.DLL
0x00007ffeca440000 - 0x00007ffeca7ca000 	C:\Windows\System32\combase.dll
0x00007ffec9720000 - 0x00007ffec97f7000 	C:\Windows\System32\OLEAUT32.dll
0x00007ffeb4d20000 - 0x00007ffeb4d52000 	C:\Windows\SYSTEM32\dbgcore.DLL
0x00007ffec7cc0000 - 0x00007ffec7d3b000 	C:\Windows\System32\bcryptPrimitives.dll
0x00007ffeb6520000 - 0x00007ffeb6546000 	C:\Program Files\Java\jdk-19\bin\java.dll
0x00007ffea60d0000 - 0x00007ffea61a7000 	C:\Program Files\Java\jdk-19\bin\jsvml.dll
0x00007ffec9c00000 - 0x00007ffeca3ef000 	C:\Windows\System32\SHELL32.dll
0x00007ffec5c70000 - 0x00007ffec6538000 	C:\Windows\SYSTEM32\windows.storage.dll
0x00007ffec5b30000 - 0x00007ffec5c6e000 	C:\Windows\SYSTEM32\wintypes.dll
0x00007ffec92e0000 - 0x00007ffec93d1000 	C:\Windows\System32\SHCORE.dll
0x00007ffec88b0000 - 0x00007ffec890e000 	C:\Windows\System32\shlwapi.dll
0x00007ffec7b80000 - 0x00007ffec7ba1000 	C:\Windows\SYSTEM32\profapi.dll
0x00007ffec28d0000 - 0x00007ffec28e3000 	C:\Program Files\Java\jdk-19\bin\net.dll
0x00007ffec17f0000 - 0x00007ffec191f000 	C:\Windows\SYSTEM32\WINHTTP.dll
0x00007ffec7110000 - 0x00007ffec7179000 	C:\Windows\system32\mswsock.dll
0x00007ffec2690000 - 0x00007ffec26a6000 	C:\Program Files\Java\jdk-19\bin\nio.dll
0x00007ffeb45f0000 - 0x00007ffeb4608000 	C:\Program Files\Java\jdk-19\bin\zip.dll
0x00007ffe86a10000 - 0x00007ffe86ba1000 	C:\Program Files\Java\jdk-19\bin\awt.dll
0x00007ffec50a0000 - 0x00007ffec5137000 	C:\Windows\SYSTEM32\apphelp.dll
0x00007ffea75e0000 - 0x00007ffea75f7000 	C:\Windows\system32\napinsp.dll
0x00007ffea75c0000 - 0x00007ffea75db000 	C:\Windows\system32\pnrpnsp.dll
0x00007ffec6850000 - 0x00007ffec6943000 	C:\Windows\SYSTEM32\DNSAPI.dll
0x00007ffec67d0000 - 0x00007ffec67fd000 	C:\Windows\SYSTEM32\IPHLPAPI.DLL
0x00007ffec95d0000 - 0x00007ffec95d9000 	C:\Windows\System32\NSI.dll
0x00007ffea75a0000 - 0x00007ffea75b1000 	C:\Windows\System32\winrnr.dll
0x00007ffec16e0000 - 0x00007ffec16f5000 	C:\Windows\system32\wshbth.dll
0x00007ffea7570000 - 0x00007ffea7591000 	C:\Windows\system32\nlansp_c.dll
0x00007ffebc7a0000 - 0x00007ffebc7aa000 	C:\Windows\System32\rasadhlp.dll
0x00007ffec0c80000 - 0x00007ffec0d03000 	C:\Windows\System32\fwpuclnt.dll
0x00007ffeb6580000 - 0x00007ffeb6588000 	C:\Program Files\Java\jdk-19\bin\extnet.dll
0x00007ffec7370000 - 0x00007ffec738b000 	C:\Windows\SYSTEM32\CRYPTSP.dll
0x00007ffec6c10000 - 0x00007ffec6c45000 	C:\Windows\system32\rsaenh.dll
0x00007ffec7200000 - 0x00007ffec7228000 	C:\Windows\SYSTEM32\USERENV.dll
0x00007ffec7520000 - 0x00007ffec7548000 	C:\Windows\SYSTEM32\bcrypt.dll
0x00007ffec7360000 - 0x00007ffec736c000 	C:\Windows\SYSTEM32\CRYPTBASE.dll
0x00007ffec1970000 - 0x00007ffec1989000 	C:\Windows\SYSTEM32\dhcpcsvc6.DLL
0x00007ffec1780000 - 0x00007ffec179f000 	C:\Windows\SYSTEM32\dhcpcsvc.DLL
0x00007ffeb2180000 - 0x00007ffeb218e000 	C:\Program Files\Java\jdk-19\bin\sunmscapi.dll
0x00007ffec7d40000 - 0x00007ffec7ea6000 	C:\Windows\System32\CRYPT32.dll
0x00007ffec74f0000 - 0x00007ffec751d000 	C:\Windows\SYSTEM32\ncrypt.dll
0x00007ffec74b0000 - 0x00007ffec74e7000 	C:\Windows\SYSTEM32\NTASN1.dll
0x00007ffec5280000 - 0x00007ffec532b000 	C:\Windows\system32\uxtheme.dll
0x00007ffec8920000 - 0x00007ffec8a3e000 	C:\Windows\System32\MSCTF.dll
0x00007ffec8710000 - 0x00007ffec88ac000 	C:\Windows\System32\ole32.dll
0x00007ffec56b0000 - 0x00007ffec56db000 	C:\Windows\system32\DWMAPI.DLL
0x00007ffea25d0000 - 0x00007ffea2656000 	C:\Program Files\Java\jdk-19\bin\freetype.dll
0x00007ffe8ba30000 - 0x00007ffe8baf5000 	C:\Program Files\Java\jdk-19\bin\fontmanager.dll
0x00007ffe8b720000 - 0x00007ffe8b820000 	C:\Windows\system32\opengl32.dll
0x00007ffeb2210000 - 0x00007ffeb223d000 	C:\Windows\SYSTEM32\GLU32.dll
0x00007ffec5390000 - 0x00007ffec53c6000 	C:\Windows\SYSTEM32\dxcore.dll
0x00007ffe68d40000 - 0x00007ffe68ee9000 	C:\Windows\system32\d3d9.dll
0x00007ffebc840000 - 0x00007ffebc9fb000 	C:\Windows\System32\DriverStore\FileRepository\u0384804.inf_amd64_41ca4ca6939f5e56\B384763\aticfx64.dll
0x00007ffea38e0000 - 0x00007ffea3914000 	C:\Windows\System32\DriverStore\FileRepository\u0384804.inf_amd64_41ca4ca6939f5e56\B384763\atiu9p64.dll
0x00007ffe594b0000 - 0x00007ffe5a205000 	C:\Windows\System32\DriverStore\FileRepository\u0384804.inf_amd64_41ca4ca6939f5e56\B384763\atiumd64.dll
0x000000006cdb0000 - 0x000000006dcd7000 	C:\Windows\System32\DriverStore\FileRepository\u0384804.inf_amd64_41ca4ca6939f5e56\B384763\atiumd6a.dll
0x00007ffec8a60000 - 0x00007ffec8eda000 	C:\Windows\System32\SETUPAPI.dll
0x00007ffec7b20000 - 0x00007ffec7b6d000 	C:\Windows\SYSTEM32\POWRPROF.dll
0x00007ffec7a50000 - 0x00007ffec7a63000 	C:\Windows\SYSTEM32\UMPDC.dll
0x00007ffeb95e0000 - 0x00007ffeb9615000 	C:\Windows\SYSTEM32\amdihk64.dll
0x00007ffec17a0000 - 0x00007ffec17e9000 	C:\Windows\SYSTEM32\directxdatabasehelper.dll
0x00007ffec99b0000 - 0x00007ffec9a60000 	C:\Windows\System32\clbcatq.dll
0x00007ffec3360000 - 0x00007ffec3510000 	C:\Windows\SYSTEM32\WindowsCodecs.dll
0x00007ffe97d70000 - 0x00007ffe97dce000 	C:\Windows\system32\dataexchange.dll
0x00007ffebdca0000 - 0x00007ffebdf0a000 	C:\Windows\system32\twinapi.appcore.dll
0x00007ffeb4b90000 - 0x00007ffeb4cbd000 	C:\Windows\SYSTEM32\textinputframework.dll
0x00007ffec4cb0000 - 0x00007ffec4de3000 	C:\Windows\SYSTEM32\CoreMessaging.dll
0x00007ffec0910000 - 0x00007ffec0c7c000 	C:\Windows\SYSTEM32\CoreUIComponents.dll

dbghelp: loaded successfully - version: 4.0.5 - missing functions: none
symbol engine: initialized successfully - sym options: 0x614 - pdb path: .;C:\Program Files\Java\jdk-19\bin;C:\Windows\SYSTEM32;C:\Windows\WinSxS\amd64_microsoft.windows.common-controls_6595b64144ccf1df_6.0.22621.608_none_a9444ca7c10bb01d;C:\Program Files\Java\jdk-19\bin\server;C:\Windows\System32\DriverStore\FileRepository\u0384804.inf_amd64_41ca4ca6939f5e56\B384763

VM Arguments:
java_command: Principal.Principal
java_class_path (initial): C:\Users\sopor\Documents\NetBeansProjects\VentaEmpresa_Fecha\target\classes;C:\Users\sopor\.m2\repository\e-iceblue\spire.pdf\8.7.0\spire.pdf-8.7.0.jar;C:\Users\sopor\.m2\repository\com\tagmycode\tagmycode-plugin-framework\2.2.0\tagmycode-plugin-framework-2.2.0.jar;C:\Users\sopor\.m2\repository\com\tagmycode\tagmycode-sdk\1.1.1\tagmycode-sdk-1.1.1.jar;C:\Users\sopor\.m2\repository\org\scribe\scribe\1.3.5\scribe-1.3.5.jar;C:\Users\sopor\.m2\repository\org\json\json\20080701\json-20080701.jar;C:\Users\sopor\.m2\repository\org\apache\commons\commons-lang3\3.1\commons-lang3-3.1.jar;C:\Users\sopor\.m2\repository\com\j256\ormlite\ormlite-jdbc\5.0\ormlite-jdbc-5.0.jar;C:\Users\sopor\.m2\repository\com\j256\ormlite\ormlite-core\5.0\ormlite-core-5.0.jar;C:\Users\sopor\.m2\repository\com\h2database\h2\1.4.193\h2-1.4.193.jar;C:\Users\sopor\.m2\repository\log4j\log4j\1.2.17\log4j-1.2.17.jar;C:\Users\sopor\.m2\repository\com\intellij\forms_rt\5.0\forms_rt-5.0.jar;C:\Users\sopor\.m2\repository\jgoodies\forms\1.0.5\forms-1.0.5.jar;C:\Users\sopor\.m2\repository\com\fifesoft\rsyntaxtextarea\2.5.8\rsyntaxtextarea-2.5.8.jar;C:\Users\sopor\.m2\repository\org\apache\poi\poi-ooxml\5.1.0\poi-ooxml-5.1.0.jar;C:\Users\sopor\.m2\repository\org\apache\poi\poi-ooxml-lite\5.1.0\poi-ooxml-lite-5.1.0.jar;C:\Users\sopor\.m2\repository\org\apache\xmlbeans\xmlbeans\5.0.2\xmlbeans-5.0.2.jar;C:\Users\sopor\.m2\repository\org\apache\commons\commons-compress\1.21\commons-compress-1.21.jar;C:\Users\sopor\.m2\repository\commons-io\commons-io\2.11.0\commons-io-2.11.0.jar;C:\Users\sopor\.m2\repository\com\github\virtuald\curvesapi\1.06\curvesapi-1.06.jar;C:\Users\sopor\.m2\repository\org\apache\logging\log4j\log4j-api\2.14.1\log4j-api-2.14.1.jar;C:\Users\sopor\.m2\repository\org\apache\commons\commons-collections4\4.4\commons-collections4-4.4.jar;C:\Users\sopor\.m2\repository\io\github\bonigarcia\webdrivermanager\5.0.3\webdrivermanager-5.0.3.jar;C:\Users\sopor\.m2\repository\org\slf4j\slf4j-api\1.7.32\slf4j-api-1.7.32.jar;C:\Users\sopor\.m2\repository\com\google\code\gson\gson\2.8.8\gson-2.8.8.jar;C:\Users\sopor\.m2\repository\org\jsoup\jsoup\1.14.2\jsoup-1.14.2.jar;C:\Users\sopor\.m2\repository\com\github\docker-java\docker-java\3.2.12\docker-java-3.2.12.jar;C:\Users\sopor\.m2\repository\com\github\docker-java\docker-java-core\3.2.12\docker-java-core-3.2.12.jar;C:\Users\sopor\.m2\repository\com\github\docker-java\docker-java-api\3.2.12\docker-java-api-3.2.12.jar;C:\Users\sopor\.m2\repository\com\fasterxml\jackson\core\jackson-annotations\2.10.3\jackson-annotations-2.10.3.jar;C:\Users\sopor\.m2\repository\commons-lang\commons-lang\2.6\commons-lang-2.6.jar;C:\Users\sopor\.m2\repository\com\fasterxml\jackson\core\jackson-databind\2.10.3\jackson-databind-2.10.3.jar;C:\Users\sopor\.m2\repository\com\fasterxml\jackson\core\jackson-core\2.10.3\jackson-core-2.10.3.jar;C:\Users\sopor\.m2\repository\org\bouncycastle\bcpkix-jdk15on\1.64\bcpkix-jdk15on-1.64.jar;C:\Users\sopor\.m2\repository\org\bouncycastle\bcprov-jdk15on\1.64\bcprov-jdk15on-1.64.jar;C:\Users\sopor\.m2\repository\org\slf4j\jcl-over-slf4j\1.7.30\jcl-over-slf4j-1.7.30.jar;C:\Users\sopor\.m2\repository\com\github\docker-java\docker-java-transport-httpclient5\3.2.12\docker-java-transport-httpclient5-3.2.12.jar;C:\Users\sopor\.m2\repository\com\github\docker-java\docker-java-transport\3.2.12\docker-java-transport-3.2.12.jar;C:\Users\sopor\.m2\repository\org\apache\httpcomponents\client5\httpclient5\5.0.3\httpclient5-5.0.3.jar;C:\Users\sopor\.m2\repository\org\apache\httpcomponents\core5\httpcore5\5.0.2\httpcore5-5.0.2.jar;C:\Users\sopor\.m2\repository\net\java\dev\jna\jna\5.8.0\jna-5.8.0.jar;C:\Users\sopor\.m2\repository\com\google\guava\guava\30.1.1-jre\guava-30.1.1-jre.jar;C:\Users\sopor\.m2\repository\com\google\guava\failureaccess\1.0.1\failureaccess-1.0.1.jar;C:\Users\sopor\.m2\repository\com\google\guava\listenablefuture\9999.0-empty-to-avoid-conflict-with-guava\listenablefuture-9999.0-empty-to-avoid-conflict-with-guava.jar;C:\Users\sopor\.m2\repository\com\google\code\findbugs\jsr305\3.0.2\jsr305-3.0.2.jar;C:\Users\sopor\.m2\repository\org\checkerframework\checker-qual\3.8.0\checker-qual-3.8.0.jar;C:\Users\sopor\.m2\repository\com\google\errorprone\error_prone_annotations\2.5.1\error_prone_annotations-2.5.1.jar;C:\Users\sopor\.m2\repository\com\google\j2objc\j2objc-annotations\1.3\j2objc-annotations-1.3.jar;C:\Users\sopor\.m2\repository\org\brotli\dec\0.1.2\dec-0.1.2.jar;C:\Users\sopor\.m2\repository\org\apache\poi\poi\5.2.0\poi-5.2.0.jar;C:\Users\sopor\.m2\repository\commons-codec\commons-codec\1.15\commons-codec-1.15.jar;C:\Users\sopor\.m2\repository\org\apache\commons\commons-math3\3.6.1\commons-math3-3.6.1.jar;C:\Users\sopor\.m2\repository\com\zaxxer\SparseBitSet\1.2\SparseBitSet-1.2.jar;C:\Users\sopor\.m2\repository\org\seleniumhq\selenium\selenium-chrome-driver\4.1.1\selenium-chrome-driver-4.1.1.jar;C:\Users\sopor\.m2\repository\com\google\auto\service\auto-service-annotations\1.0.1\auto-service-annotations-1.0.1.jar;C:\Users\sopor\.m2\repository\com\google\auto\service\auto-service\1.0.1\auto-service-1.0.1.jar;C:\Users\sopor\.m2\repository\com\google\auto\auto-common\1.2\auto-common-1.2.jar;C:\Users\sopor\.m2\repository\org\seleniumhq\selenium\selenium-api\4.1.1\selenium-api-4.1.1.jar;C:\Users\sopor\.m2\repository\org\seleniumhq\selenium\selenium-chromium-driver\4.1.1\selenium-chromium-driver-4.1.1.jar;C:\Users\sopor\.m2\repository\org\seleniumhq\selenium\selenium-json\4.1.1\selenium-json-4.1.1.jar;C:\Users\sopor\.m2\repository\org\seleniumhq\selenium\selenium-support\4.1.1\selenium-support-4.1.1.jar;C:\Users\sopor\.m2\repository\org\seleniumhq\selenium\selenium-remote-driver\4.1.1\selenium-remote-driver-4.1.1.jar;C:\Users\sopor\.m2\repository\com\beust\jcommander\1.81\jcommander-1.81.jar;C:\Users\sopor\.m2\repository\io\netty\netty-buffer\4.1.70.Final\netty-buffer-4.1.70.Final.jar;C:\Users\sopor\.m2\repository\io\netty\netty-codec-http\4.1.70.Final\netty-codec-http-4.1.70.Final.jar;C:\Users\sopor\.m2\repository\io\netty\netty-codec\4.1.70.Final\netty-codec-4.1.70.Final.jar;C:\Users\sopor\.m2\repository\io\netty\netty-handler\4.1.70.Final\netty-handler-4.1.70.Final.jar;C:\Users\sopor\.m2\repository\io\netty\netty-common\4.1.70.Final\netty-common-4.1.70.Final.jar;C:\Users\sopor\.m2\repository\io\netty\netty-transport-classes-epoll\4.1.70.Final\netty-transport-classes-epoll-4.1.70.Final.jar;C:\Users\sopor\.m2\repository\io\netty\netty-transport-classes-kqueue\4.1.70.Final\netty-transport-classes-kqueue-4.1.70.Final.jar;C:\Users\sopor\.m2\repository\io\netty\netty-transport-native-unix-common\4.1.70.Final\netty-transport-native-unix-common-4.1.70.Final.jar;C:\Users\sopor\.m2\repository\io\netty\netty-transport\4.1.70.Final\netty-transport-4.1.70.Final.jar;C:\Users\sopor\.m2\repository\io\netty\netty-resolver\4.1.70.Final\netty-resolver-4.1.70.Final.jar;C:\Users\sopor\.m2\repository\io\opentelemetry\opentelemetry-api\1.9.1\opentelemetry-api-1.9.1.jar;C:\Users\sopor\.m2\repository\io\opentelemetry\opentelemetry-context\1.9.1\opentelemetry-context-1.9.1.jar;C:\Users\sopor\.m2\repository\io\opentelemetry\opentelemetry-exporter-logging\1.9.1\opentelemetry-exporter-logging-1.9.1.jar;C:\Users\sopor\.m2\repository\io\opentelemetry\opentelemetry-sdk-metrics\1.9.1-alpha\opentelemetry-sdk-metrics-1.9.1-alpha.jar;C:\Users\sopor\.m2\repository\io\opentelemetry\opentelemetry-sdk-logs\1.9.1-alpha\opentelemetry-sdk-logs-1.9.1-alpha.jar;C:\Users\sopor\.m2\repository\io\opentelemetry\opentelemetry-sdk-common\1.9.1\opentelemetry-sdk-common-1.9.1.jar;C:\Users\sopor\.m2\repository\io\opentelemetry\opentelemetry-sdk-extension-autoconfigure-spi\1.9.1\opentelemetry-sdk-extension-autoconfigure-spi-1.9.1.jar;C:\Users\sopor\.m2\repository\io\opentelemetry\opentelemetry-sdk-extension-autoconfigure\1.9.1-alpha\opentelemetry-sdk-extension-autoconfigure-1.9.1-alpha.jar;C:\Users\sopor\.m2\repository\io\opentelemetry\opentelemetry-sdk-trace\1.9.1\opentelemetry-sdk-trace-1.9.1.jar;C:\Users\sopor\.m2\repository\io\opentelemetry\opentelemetry-api-metrics\1.9.1-alpha\opentelemetry-api-metrics-1.9.1-alpha.jar;C:\Users\sopor\.m2\repository\io\opentelemetry\opentelemetry-sdk\1.9.1\opentelemetry-sdk-1.9.1.jar;C:\Users\sopor\.m2\repository\io\opentelemetry\opentelemetry-semconv\1.9.1-alpha\opentelemetry-semconv-1.9.1-alpha.jar;C:\Users\sopor\.m2\repository\io\ous\jtoml\2.0.0\jtoml-2.0.0.jar;C:\Users\sopor\.m2\repository\net\bytebuddy\byte-buddy\1.12.2\byte-buddy-1.12.2.jar;C:\Users\sopor\.m2\repository\org\apache\commons\commons-exec\1.3\commons-exec-1.3.jar;C:\Users\sopor\.m2\repository\org\asynchttpclient\async-http-client\2.12.3\async-http-client-2.12.3.jar;C:\Users\sopor\.m2\repository\org\asynchttpclient\async-http-client-netty-utils\2.12.3\async-http-client-netty-utils-2.12.3.jar;C:\Users\sopor\.m2\repository\io\netty\netty-codec-socks\4.1.60.Final\netty-codec-socks-4.1.60.Final.jar;C:\Users\sopor\.m2\repository\io\netty\netty-handler-proxy\4.1.60.Final\netty-handler-proxy-4.1.60.Final.jar;C:\Users\sopor\.m2\repository\io\netty\netty-transport-native-epoll\4.1.60.Final\netty-transport-native-epoll-4.1.60.Final-linux-x86_64.jar;C:\Users\sopor\.m2\repository\io\netty\netty-transport-native-kqueue\4.1.60.Final\netty-transport-native-kqueue-4.1.60.Final-osx-x86_64.jar;C:\Users\sopor\.m2\repository\org\reactivestreams\reactive-streams\1.0.3\reactive-streams-1.0.3.jar;C:\Users\sopor\.m2\repository\com\typesafe\netty\netty-reactive-streams\2.0.4\netty-reactive-streams-2.0.4.jar;C:\Users\sopor\.m2\repository\com\sun\activation\jakarta.activation\1.2.2\jakarta.activation-1.2.2.jar;C:\Users\sopor\.m2\repository\org\seleniumhq\selenium\selenium-http\4.1.1\selenium-http-4.1.1.jar;C:\Users\sopor\.m2\repository\net\jodah\failsafe\2.4.4\failsafe-2.4.4.jar;C:\Users\sopor\.m2\repository\com\microsoft\sqlserver\mssql-jdbc\9.4.1.jre8\mssql-jdbc-9.4.1.jre8.jar;C:\Users\sopor\.m2\repository\net\coderazzi\tablefilter-swing\5.5.4\tablefilter-swing-5.5.4.jar;C:\Users\sopor\.m2\repository\unknown\binary\RSCalendar\SNAPSHOT\RSCalendar-SNAPSHOT.jar;C:\Users\sopor\.m2\repository\com\itextpdf\itextpdf\5.5.13.2\itextpdf-5.5.13.2.jar
Launcher Type: SUN_STANDARD

[Global flags]
     intx CICompilerCount                          = 12                                        {product} {ergonomic}
     uint ConcGCThreads                            = 3                                         {product} {ergonomic}
     uint G1ConcRefinementThreads                  = 13                                        {product} {ergonomic}
   size_t G1HeapRegionSize                         = 2097152                                   {product} {ergonomic}
    uintx GCDrainStackTargetSize                   = 64                                        {product} {ergonomic}
   size_t InitialHeapSize                          = 234881024                                 {product} {ergonomic}
   size_t MarkStackSize                            = 4194304                                   {product} {ergonomic}
   size_t MaxHeapSize                              = 3730833408                                {product} {ergonomic}
   size_t MaxNewSize                               = 2237661184                                {product} {ergonomic}
   size_t MinHeapDeltaBytes                        = 2097152                                   {product} {ergonomic}
   size_t MinHeapSize                              = 8388608                                   {product} {ergonomic}
    uintx NonNMethodCodeHeapSize                   = 7602480                                {pd product} {ergonomic}
    uintx NonProfiledCodeHeapSize                  = 122027880                              {pd product} {ergonomic}
    uintx ProfiledCodeHeapSize                     = 122027880                              {pd product} {ergonomic}
    uintx ReservedCodeCacheSize                    = 251658240                              {pd product} {ergonomic}
     bool SegmentedCodeCache                       = true                                      {product} {ergonomic}
   size_t SoftMaxHeapSize                          = 3730833408                             {manageable} {ergonomic}
     bool UseCompressedClassPointers               = true                           {product lp64_product} {ergonomic}
     bool UseCompressedOops                        = true                           {product lp64_product} {ergonomic}
     bool UseG1GC                                  = true                                      {product} {ergonomic}
     bool UseLargePagesIndividualAllocation        = false                                  {pd product} {ergonomic}

Logging:
Log output configuration:
 #0: stdout all=warning uptime,level,tags foldmultilines=false
 #1: stderr all=off uptime,level,tags foldmultilines=false

Environment Variables:
JAVA_HOME=C:\Program Files\Java\jdk-19
PATH=C:\Program Files\Common Files\Oracle\Java\javapath;C:\Program Files (x86)\Common Files\Oracle\Java\javapath;C:\Windows\system32;C:\Windows;C:\Windows\System32\Wbem;C:\Windows\System32\WindowsPowerShell\v1.0\;C:\Windows\System32\OpenSSH\;C:\Program Files\dotnet\;C:\Program Files (x86)\Microsoft SQL Server\160\DTS\Binn\;C:\Program Files\Azure Data Studio\bin;C:\Program Files (x86)\Windows Kits\10\Windows Performance Toolkit\;C:\Program Files\MySQL\MySQL Shell 8.0\bin\;C:\Users\sopor\AppData\Local\Microsoft\WindowsApps;C:\Users\sopor\.dotnet\tools;C:\Program Files\Azure Data Studio\bin
USERNAME=sopor
OS=Windows_NT
PROCESSOR_IDENTIFIER=AMD64 Family 25 Model 80 Stepping 0, AuthenticAMD
TMP=C:\Users\sopor\AppData\Local\Temp
TEMP=C:\Users\sopor\AppData\Local\Temp



---------------  S Y S T E M  ---------------

OS:
 Windows 11 , 64 bit Build 22621 (10.0.22621.1194)
OS uptime: 8 days 23:06 hours

CPU: total 16 (initial active 16) (16 cores per cpu, 2 threads per core) family 25 model 80 stepping 0 microcode 0x0, cx8, cmov, fxsr, ht, mmx, 3dnowpref, sse, sse2, sse3, ssse3, sse4a, sse4.1, sse4.2, popcnt, lzcnt, tsc, tscinvbit, avx, avx2, aes, erms, clmul, bmi1, bmi2, adx, sha, fma, vzeroupper, clflush, clflushopt, rdtscp, rdpid, fsrm

Memory: 4k page, system-wide physical 14229M (170M free)
TotalPageFile size 57237M (AvailPageFile size 0M)
current process WorkingSet (physical memory assigned to process): 510M, peak: 635M
current process commit charge ("private bytes"): 682M, peak: 721M

vm_info: Java HotSpot(TM) 64-Bit Server VM (19.0.1+10-21) for windows-amd64 JRE (19.0.1+10-21), built on 2022-09-14T12:45:06Z by "mach5one" with MS VC++ 17.1 (VS2022)

END.
