#
# There is insufficient memory for the Java Runtime Environment to continue.
# Native memory allocation (malloc) failed to allocate 76176 bytes for Chunk::new
# Possible reasons:
#   The system is out of physical RAM or swap space
#   The process is running with CompressedOops enabled, and the Java Heap may be blocking the growth of the native heap
# Possible solutions:
#   Reduce memory load on the system
#   Increase physical memory or swap space
#   Check if swap backing store is full
#   Decrease Java heap size (-Xmx/-Xms)
#   Decrease number of Java threads
#   Decrease Java thread stack sizes (-Xss)
#   Set larger code cache with -XX:ReservedCodeCacheSize=
#   JVM is running with Zero Based Compressed Oops mode in which the Java heap is
#     placed in the first 32GB address space. The Java Heap base address is the
#     maximum limit for the native heap growth. Please use -XX:HeapBaseMinAddress
#     to set the Java Heap base and to place the Java Heap above 32GB virtual address.
# This output file may be truncated or incomplete.
#
#  Out of Memory Error (arena.cpp:195), pid=214916, tid=191344
#
# JRE version: Java(TM) SE Runtime Environment (16.0.2+7) (build 16.0.2+7-67)
# Java VM: Java HotSpot(TM) 64-Bit Server VM (16.0.2+7-67, mixed mode, sharing, tiered, compressed oops, compressed class ptrs, g1 gc, windows-amd64)
# No core dump will be written. Minidumps are not enabled by default on client versions of Windows
#

---------------  S U M M A R Y ------------

Command Line: -Dclassworlds.conf=C:\Program Files\NetBeans-14\netbeans\java\maven\bin\m2.conf -Dmaven.home=C:\Program Files\NetBeans-14\netbeans\java\maven -Dlibrary.jansi.path=C:\Program Files\NetBeans-14\netbeans\java\maven\lib\jansi-native -Dmaven.multiModuleProjectDirectory=C:\Users\sopor\Documents\NetBeansProjects\VentaEmpresa_Fecha org.codehaus.plexus.classworlds.launcher.Launcher -Dexec.vmArgs= -Dexec.args=${exec.vmArgs} -classpath %classpath ${exec.mainClass} ${exec.appArgs} -Dexec.appArgs= -Dexec.mainClass=Principal.Principal -Dexec.executable=C:\Program Files\Java\jdk-16.0.2\bin\java.exe -Dmaven.ext.class.path=C:\Program Files\NetBeans-14\netbeans\java\maven-nblib\netbeans-eventspy.jar -Dfile.encoding=UTF-8 org.codehaus.mojo:exec-maven-plugin:3.0.0:exec

Host: Intel(R) Core(TM) i5-8400 CPU @ 2.80GHz, 6 cores, 15G,  Windows 10 , 64 bit Build 19041 (10.0.19041.1741)
Time: Wed Aug 31 09:59:36 2022 Hora est. Sudamérica Pacífico elapsed time: 3.216029 seconds (0d 0h 0m 3s)

---------------  T H R E A D  ---------------

Current thread (0x0000023b7f7d0e20):  JavaThread "C2 CompilerThread0" daemon [_thread_in_native, id=191344, stack(0x00000053c1500000,0x00000053c1600000)]


Current CompileTask:
C2:   3216 3558       4       java.util.HashSet::add (20 bytes)

Stack: [0x00000053c1500000,0x00000053c1600000]
Native frames: (J=compiled Java code, j=interpreted, Vv=VM code, C=native code)
V  [jvm.dll+0x6681ca]
V  [jvm.dll+0x7c9e69]
V  [jvm.dll+0x7cb61e]
V  [jvm.dll+0x7cbc73]
V  [jvm.dll+0x242c55]
V  [jvm.dll+0xadeba]
V  [jvm.dll+0xae45c]
V  [jvm.dll+0x5574d3]
V  [jvm.dll+0x324e10]
V  [jvm.dll+0x32428a]
V  [jvm.dll+0x215cec]
V  [jvm.dll+0x215100]
V  [jvm.dll+0x1a1beb]
V  [jvm.dll+0x225158]
V  [jvm.dll+0x22319c]
V  [jvm.dll+0x77fa62]
V  [jvm.dll+0x7795aa]
V  [jvm.dll+0x667066]
C  [ucrtbase.dll+0x21bb2]
C  [KERNEL32.DLL+0x17034]
C  [ntdll.dll+0x52651]


---------------  P R O C E S S  ---------------

Threads class SMR info:
_java_thread_list=0x0000023b053f8cf0, length=12, elements={
0x0000023b60fc40b0, 0x0000023b7f7b6450, 0x0000023b7f7b7220, 0x0000023b7f7ca4e0,
0x0000023b7f7ccf00, 0x0000023b7f7cd810, 0x0000023b7f7ce120, 0x0000023b7f7d0e20,
0x0000023b7f7dcd30, 0x0000023b7f7e0aa0, 0x0000023b04a227b0, 0x0000023b04a24590
}

Java Threads: ( => current thread )
  0x0000023b60fc40b0 JavaThread "main" [_thread_in_native, id=218368, stack(0x00000053c0800000,0x00000053c0900000)]
  0x0000023b7f7b6450 JavaThread "Reference Handler" daemon [_thread_blocked, id=203052, stack(0x00000053c0f00000,0x00000053c1000000)]
  0x0000023b7f7b7220 JavaThread "Finalizer" daemon [_thread_blocked, id=201004, stack(0x00000053c1000000,0x00000053c1100000)]
  0x0000023b7f7ca4e0 JavaThread "Signal Dispatcher" daemon [_thread_blocked, id=210844, stack(0x00000053c1100000,0x00000053c1200000)]
  0x0000023b7f7ccf00 JavaThread "Attach Listener" daemon [_thread_blocked, id=212940, stack(0x00000053c1200000,0x00000053c1300000)]
  0x0000023b7f7cd810 JavaThread "Service Thread" daemon [_thread_blocked, id=205160, stack(0x00000053c1300000,0x00000053c1400000)]
  0x0000023b7f7ce120 JavaThread "Monitor Deflation Thread" daemon [_thread_blocked, id=212108, stack(0x00000053c1400000,0x00000053c1500000)]
=>0x0000023b7f7d0e20 JavaThread "C2 CompilerThread0" daemon [_thread_in_native, id=191344, stack(0x00000053c1500000,0x00000053c1600000)]
  0x0000023b7f7dcd30 JavaThread "C1 CompilerThread0" daemon [_thread_blocked, id=136216, stack(0x00000053c1600000,0x00000053c1700000)]
  0x0000023b7f7e0aa0 JavaThread "Sweeper thread" daemon [_thread_blocked, id=175768, stack(0x00000053c1700000,0x00000053c1800000)]
  0x0000023b04a227b0 JavaThread "Notification Thread" daemon [_thread_blocked, id=211292, stack(0x00000053c1800000,0x00000053c1900000)]
  0x0000023b04a24590 JavaThread "Common-Cleaner" daemon [_thread_blocked, id=187192, stack(0x00000053c1a00000,0x00000053c1b00000)]

Other Threads:
  0x0000023b7f7b3900 VMThread "VM Thread" [stack: 0x00000053c0e00000,0x00000053c0f00000] [id=189188]
  0x0000023b04a238f0 WatcherThread [stack: 0x00000053c1900000,0x00000053c1a00000] [id=216104]
  0x0000023b6100dec0 GCTaskThread "GC Thread#0" [stack: 0x00000053c0900000,0x00000053c0a00000] [id=136384]
  0x0000023b04adaba0 GCTaskThread "GC Thread#1" [stack: 0x00000053c1b00000,0x00000053c1c00000] [id=215672]
  0x0000023b04de3800 GCTaskThread "GC Thread#2" [stack: 0x00000053c1c00000,0x00000053c1d00000] [id=213416]
  0x0000023b04de3b10 GCTaskThread "GC Thread#3" [stack: 0x00000053c1d00000,0x00000053c1e00000] [id=202756]
  0x0000023b04de3e20 GCTaskThread "GC Thread#4" [stack: 0x00000053c1e00000,0x00000053c1f00000] [id=218584]
  0x0000023b04de4130 GCTaskThread "GC Thread#5" [stack: 0x00000053c1f00000,0x00000053c2000000] [id=215920]
  0x0000023b61020d30 ConcurrentGCThread "G1 Main Marker" [stack: 0x00000053c0a00000,0x00000053c0b00000] [id=210568]
  0x0000023b61021730 ConcurrentGCThread "G1 Conc#0" [stack: 0x00000053c0b00000,0x00000053c0c00000] [id=206664]
  0x0000023b6108e760 ConcurrentGCThread "G1 Refine#0" [stack: 0x00000053c0c00000,0x00000053c0d00000] [id=204520]
  0x0000023b7f672620 ConcurrentGCThread "G1 Service" [stack: 0x00000053c0d00000,0x00000053c0e00000] [id=216288]

Threads with active compile tasks:
C2 CompilerThread0     3254 3558       4       java.util.HashSet::add (20 bytes)

VM state: not at safepoint (normal execution)

VM Mutex/Monitor currently owned by a thread: None

Heap address: 0x0000000702000000, size: 4064 MB, Compressed Oops mode: Zero based, Oop shift amount: 3

CDS archive(s) mapped at: [0x0000000800000000-0x0000000800bb0000-0x0000000800bb0000), size 12255232, SharedBaseAddress: 0x0000000800000000, ArchiveRelocationMode: 0.
Compressed class space mapped at: 0x0000000800c00000-0x0000000840c00000, reserved size: 1073741824
Narrow klass base: 0x0000000800000000, Narrow klass shift: 3, Narrow klass range: 0x100000000

GC Precious Log:
 CPUs: 6 total, 6 available
 Memory: 16252M
 Large Page Support: Disabled
 NUMA Support: Disabled
 Compressed Oops: Enabled (Zero based)
 Heap Region Size: 2M
 Heap Min Capacity: 8M
 Heap Initial Capacity: 254M
 Heap Max Capacity: 4064M
 Pre-touch: Disabled
 Parallel Workers: 6
 Concurrent Workers: 2
 Concurrent Refinement Workers: 6
 Periodic GC: Disabled

Heap:
 garbage-first heap   total 260096K, used 121346K [0x0000000702000000, 0x0000000800000000)
  region size 2048K, 59 young (120832K), 1 survivors (2048K)
 Metaspace       used 14673K, committed 14912K, reserved 1064960K
  class space    used 1611K, committed 1728K, reserved 1048576K

Heap Regions: E=young(eden), S=young(survivor), O=old, HS=humongous(starts), HC=humongous(continues), CS=collection set, F=free, OA=open archive, CA=closed archive, TAMS=top-at-mark-start (previous, next)
|   0|0x0000000702000000, 0x0000000702200000, 0x0000000702200000|100%| O|  |TAMS 0x0000000702000000, 0x0000000702000000| Untracked 
|   1|0x0000000702200000, 0x0000000702349c00, 0x0000000702400000| 64%| O|  |TAMS 0x0000000702200000, 0x0000000702200000| Untracked 
|   2|0x0000000702400000, 0x0000000702400000, 0x0000000702600000|  0%| F|  |TAMS 0x0000000702400000, 0x0000000702400000| Untracked 
|   3|0x0000000702600000, 0x0000000702600000, 0x0000000702800000|  0%| F|  |TAMS 0x0000000702600000, 0x0000000702600000| Untracked 
|   4|0x0000000702800000, 0x0000000702800000, 0x0000000702a00000|  0%| F|  |TAMS 0x0000000702800000, 0x0000000702800000| Untracked 
|   5|0x0000000702a00000, 0x0000000702a00000, 0x0000000702c00000|  0%| F|  |TAMS 0x0000000702a00000, 0x0000000702a00000| Untracked 
|   6|0x0000000702c00000, 0x0000000702c00000, 0x0000000702e00000|  0%| F|  |TAMS 0x0000000702c00000, 0x0000000702c00000| Untracked 
|   7|0x0000000702e00000, 0x0000000702e00000, 0x0000000703000000|  0%| F|  |TAMS 0x0000000702e00000, 0x0000000702e00000| Untracked 
|   8|0x0000000703000000, 0x0000000703000000, 0x0000000703200000|  0%| F|  |TAMS 0x0000000703000000, 0x0000000703000000| Untracked 
|   9|0x0000000703200000, 0x0000000703200000, 0x0000000703400000|  0%| F|  |TAMS 0x0000000703200000, 0x0000000703200000| Untracked 
|  10|0x0000000703400000, 0x0000000703400000, 0x0000000703600000|  0%| F|  |TAMS 0x0000000703400000, 0x0000000703400000| Untracked 
|  11|0x0000000703600000, 0x0000000703600000, 0x0000000703800000|  0%| F|  |TAMS 0x0000000703600000, 0x0000000703600000| Untracked 
|  12|0x0000000703800000, 0x0000000703800000, 0x0000000703a00000|  0%| F|  |TAMS 0x0000000703800000, 0x0000000703800000| Untracked 
|  13|0x0000000703a00000, 0x0000000703a00000, 0x0000000703c00000|  0%| F|  |TAMS 0x0000000703a00000, 0x0000000703a00000| Untracked 
|  14|0x0000000703c00000, 0x0000000703c00000, 0x0000000703e00000|  0%| F|  |TAMS 0x0000000703c00000, 0x0000000703c00000| Untracked 
|  15|0x0000000703e00000, 0x0000000703e00000, 0x0000000704000000|  0%| F|  |TAMS 0x0000000703e00000, 0x0000000703e00000| Untracked 
|  16|0x0000000704000000, 0x0000000704000000, 0x0000000704200000|  0%| F|  |TAMS 0x0000000704000000, 0x0000000704000000| Untracked 
|  17|0x0000000704200000, 0x0000000704200000, 0x0000000704400000|  0%| F|  |TAMS 0x0000000704200000, 0x0000000704200000| Untracked 
|  18|0x0000000704400000, 0x0000000704400000, 0x0000000704600000|  0%| F|  |TAMS 0x0000000704400000, 0x0000000704400000| Untracked 
|  19|0x0000000704600000, 0x0000000704600000, 0x0000000704800000|  0%| F|  |TAMS 0x0000000704600000, 0x0000000704600000| Untracked 
|  20|0x0000000704800000, 0x0000000704800000, 0x0000000704a00000|  0%| F|  |TAMS 0x0000000704800000, 0x0000000704800000| Untracked 
|  21|0x0000000704a00000, 0x0000000704a00000, 0x0000000704c00000|  0%| F|  |TAMS 0x0000000704a00000, 0x0000000704a00000| Untracked 
|  22|0x0000000704c00000, 0x0000000704c00000, 0x0000000704e00000|  0%| F|  |TAMS 0x0000000704c00000, 0x0000000704c00000| Untracked 
|  23|0x0000000704e00000, 0x0000000704e00000, 0x0000000705000000|  0%| F|  |TAMS 0x0000000704e00000, 0x0000000704e00000| Untracked 
|  24|0x0000000705000000, 0x0000000705000000, 0x0000000705200000|  0%| F|  |TAMS 0x0000000705000000, 0x0000000705000000| Untracked 
|  25|0x0000000705200000, 0x0000000705200000, 0x0000000705400000|  0%| F|  |TAMS 0x0000000705200000, 0x0000000705200000| Untracked 
|  26|0x0000000705400000, 0x0000000705400000, 0x0000000705600000|  0%| F|  |TAMS 0x0000000705400000, 0x0000000705400000| Untracked 
|  27|0x0000000705600000, 0x0000000705600000, 0x0000000705800000|  0%| F|  |TAMS 0x0000000705600000, 0x0000000705600000| Untracked 
|  28|0x0000000705800000, 0x0000000705800000, 0x0000000705a00000|  0%| F|  |TAMS 0x0000000705800000, 0x0000000705800000| Untracked 
|  29|0x0000000705a00000, 0x0000000705a00000, 0x0000000705c00000|  0%| F|  |TAMS 0x0000000705a00000, 0x0000000705a00000| Untracked 
|  30|0x0000000705c00000, 0x0000000705c00000, 0x0000000705e00000|  0%| F|  |TAMS 0x0000000705c00000, 0x0000000705c00000| Untracked 
|  31|0x0000000705e00000, 0x0000000705e00000, 0x0000000706000000|  0%| F|  |TAMS 0x0000000705e00000, 0x0000000705e00000| Untracked 
|  32|0x0000000706000000, 0x0000000706000000, 0x0000000706200000|  0%| F|  |TAMS 0x0000000706000000, 0x0000000706000000| Untracked 
|  33|0x0000000706200000, 0x0000000706200000, 0x0000000706400000|  0%| F|  |TAMS 0x0000000706200000, 0x0000000706200000| Untracked 
|  34|0x0000000706400000, 0x0000000706400000, 0x0000000706600000|  0%| F|  |TAMS 0x0000000706400000, 0x0000000706400000| Untracked 
|  35|0x0000000706600000, 0x0000000706600000, 0x0000000706800000|  0%| F|  |TAMS 0x0000000706600000, 0x0000000706600000| Untracked 
|  36|0x0000000706800000, 0x0000000706800000, 0x0000000706a00000|  0%| F|  |TAMS 0x0000000706800000, 0x0000000706800000| Untracked 
|  37|0x0000000706a00000, 0x0000000706a00000, 0x0000000706c00000|  0%| F|  |TAMS 0x0000000706a00000, 0x0000000706a00000| Untracked 
|  38|0x0000000706c00000, 0x0000000706c00000, 0x0000000706e00000|  0%| F|  |TAMS 0x0000000706c00000, 0x0000000706c00000| Untracked 
|  39|0x0000000706e00000, 0x0000000706e00000, 0x0000000707000000|  0%| F|  |TAMS 0x0000000706e00000, 0x0000000706e00000| Untracked 
|  40|0x0000000707000000, 0x0000000707000000, 0x0000000707200000|  0%| F|  |TAMS 0x0000000707000000, 0x0000000707000000| Untracked 
|  41|0x0000000707200000, 0x0000000707200000, 0x0000000707400000|  0%| F|  |TAMS 0x0000000707200000, 0x0000000707200000| Untracked 
|  42|0x0000000707400000, 0x0000000707400000, 0x0000000707600000|  0%| F|  |TAMS 0x0000000707400000, 0x0000000707400000| Untracked 
|  43|0x0000000707600000, 0x0000000707600000, 0x0000000707800000|  0%| F|  |TAMS 0x0000000707600000, 0x0000000707600000| Untracked 
|  44|0x0000000707800000, 0x0000000707800000, 0x0000000707a00000|  0%| F|  |TAMS 0x0000000707800000, 0x0000000707800000| Untracked 
|  45|0x0000000707a00000, 0x0000000707a00000, 0x0000000707c00000|  0%| F|  |TAMS 0x0000000707a00000, 0x0000000707a00000| Untracked 
|  46|0x0000000707c00000, 0x0000000707c00000, 0x0000000707e00000|  0%| F|  |TAMS 0x0000000707c00000, 0x0000000707c00000| Untracked 
|  47|0x0000000707e00000, 0x0000000707e00000, 0x0000000708000000|  0%| F|  |TAMS 0x0000000707e00000, 0x0000000707e00000| Untracked 
|  48|0x0000000708000000, 0x0000000708000000, 0x0000000708200000|  0%| F|  |TAMS 0x0000000708000000, 0x0000000708000000| Untracked 
|  49|0x0000000708200000, 0x0000000708200000, 0x0000000708400000|  0%| F|  |TAMS 0x0000000708200000, 0x0000000708200000| Untracked 
|  50|0x0000000708400000, 0x0000000708400000, 0x0000000708600000|  0%| F|  |TAMS 0x0000000708400000, 0x0000000708400000| Untracked 
|  51|0x0000000708600000, 0x0000000708600000, 0x0000000708800000|  0%| F|  |TAMS 0x0000000708600000, 0x0000000708600000| Untracked 
|  52|0x0000000708800000, 0x0000000708800000, 0x0000000708a00000|  0%| F|  |TAMS 0x0000000708800000, 0x0000000708800000| Untracked 
|  53|0x0000000708a00000, 0x0000000708a00000, 0x0000000708c00000|  0%| F|  |TAMS 0x0000000708a00000, 0x0000000708a00000| Untracked 
|  54|0x0000000708c00000, 0x0000000708c00000, 0x0000000708e00000|  0%| F|  |TAMS 0x0000000708c00000, 0x0000000708c00000| Untracked 
|  55|0x0000000708e00000, 0x0000000708e00000, 0x0000000709000000|  0%| F|  |TAMS 0x0000000708e00000, 0x0000000708e00000| Untracked 
|  56|0x0000000709000000, 0x0000000709000000, 0x0000000709200000|  0%| F|  |TAMS 0x0000000709000000, 0x0000000709000000| Untracked 
|  57|0x0000000709200000, 0x0000000709200000, 0x0000000709400000|  0%| F|  |TAMS 0x0000000709200000, 0x0000000709200000| Untracked 
|  58|0x0000000709400000, 0x0000000709400000, 0x0000000709600000|  0%| F|  |TAMS 0x0000000709400000, 0x0000000709400000| Untracked 
|  59|0x0000000709600000, 0x0000000709600000, 0x0000000709800000|  0%| F|  |TAMS 0x0000000709600000, 0x0000000709600000| Untracked 
|  60|0x0000000709800000, 0x0000000709800000, 0x0000000709a00000|  0%| F|  |TAMS 0x0000000709800000, 0x0000000709800000| Untracked 
|  61|0x0000000709a00000, 0x0000000709a00000, 0x0000000709c00000|  0%| F|  |TAMS 0x0000000709a00000, 0x0000000709a00000| Untracked 
|  62|0x0000000709c00000, 0x0000000709c00000, 0x0000000709e00000|  0%| F|  |TAMS 0x0000000709c00000, 0x0000000709c00000| Untracked 
|  63|0x0000000709e00000, 0x0000000709e00000, 0x000000070a000000|  0%| F|  |TAMS 0x0000000709e00000, 0x0000000709e00000| Untracked 
|  64|0x000000070a000000, 0x000000070a000000, 0x000000070a200000|  0%| F|  |TAMS 0x000000070a000000, 0x000000070a000000| Untracked 
|  65|0x000000070a200000, 0x000000070a200000, 0x000000070a400000|  0%| F|  |TAMS 0x000000070a200000, 0x000000070a200000| Untracked 
|  66|0x000000070a400000, 0x000000070a400000, 0x000000070a600000|  0%| F|  |TAMS 0x000000070a400000, 0x000000070a400000| Untracked 
|  67|0x000000070a600000, 0x000000070a600000, 0x000000070a800000|  0%| F|  |TAMS 0x000000070a600000, 0x000000070a600000| Untracked 
|  68|0x000000070a800000, 0x000000070a900800, 0x000000070aa00000| 50%| E|  |TAMS 0x000000070a800000, 0x000000070a800000| Complete 
|  69|0x000000070aa00000, 0x000000070ac00000, 0x000000070ac00000|100%| E|CS|TAMS 0x000000070aa00000, 0x000000070aa00000| Complete 
|  70|0x000000070ac00000, 0x000000070ae00000, 0x000000070ae00000|100%| E|CS|TAMS 0x000000070ac00000, 0x000000070ac00000| Complete 
|  71|0x000000070ae00000, 0x000000070b000000, 0x000000070b000000|100%| E|CS|TAMS 0x000000070ae00000, 0x000000070ae00000| Complete 
|  72|0x000000070b000000, 0x000000070b200000, 0x000000070b200000|100%| E|CS|TAMS 0x000000070b000000, 0x000000070b000000| Complete 
|  73|0x000000070b200000, 0x000000070b400000, 0x000000070b400000|100%| E|CS|TAMS 0x000000070b200000, 0x000000070b200000| Complete 
|  74|0x000000070b400000, 0x000000070b600000, 0x000000070b600000|100%| E|CS|TAMS 0x000000070b400000, 0x000000070b400000| Complete 
|  75|0x000000070b600000, 0x000000070b800000, 0x000000070b800000|100%| E|CS|TAMS 0x000000070b600000, 0x000000070b600000| Complete 
|  76|0x000000070b800000, 0x000000070ba00000, 0x000000070ba00000|100%| E|CS|TAMS 0x000000070b800000, 0x000000070b800000| Complete 
|  77|0x000000070ba00000, 0x000000070bc00000, 0x000000070bc00000|100%| E|CS|TAMS 0x000000070ba00000, 0x000000070ba00000| Complete 
|  78|0x000000070bc00000, 0x000000070be00000, 0x000000070be00000|100%| E|CS|TAMS 0x000000070bc00000, 0x000000070bc00000| Complete 
|  79|0x000000070be00000, 0x000000070c000000, 0x000000070c000000|100%| E|CS|TAMS 0x000000070be00000, 0x000000070be00000| Complete 
|  80|0x000000070c000000, 0x000000070c200000, 0x000000070c200000|100%| E|CS|TAMS 0x000000070c000000, 0x000000070c000000| Complete 
|  81|0x000000070c200000, 0x000000070c400000, 0x000000070c400000|100%| E|CS|TAMS 0x000000070c200000, 0x000000070c200000| Complete 
|  82|0x000000070c400000, 0x000000070c600000, 0x000000070c600000|100%| E|CS|TAMS 0x000000070c400000, 0x000000070c400000| Complete 
|  83|0x000000070c600000, 0x000000070c800000, 0x000000070c800000|100%| E|CS|TAMS 0x000000070c600000, 0x000000070c600000| Complete 
|  84|0x000000070c800000, 0x000000070ca00000, 0x000000070ca00000|100%| E|CS|TAMS 0x000000070c800000, 0x000000070c800000| Complete 
|  85|0x000000070ca00000, 0x000000070cc00000, 0x000000070cc00000|100%| E|CS|TAMS 0x000000070ca00000, 0x000000070ca00000| Complete 
|  86|0x000000070cc00000, 0x000000070ce00000, 0x000000070ce00000|100%| E|CS|TAMS 0x000000070cc00000, 0x000000070cc00000| Complete 
|  87|0x000000070ce00000, 0x000000070d000000, 0x000000070d000000|100%| E|CS|TAMS 0x000000070ce00000, 0x000000070ce00000| Complete 
|  88|0x000000070d000000, 0x000000070d200000, 0x000000070d200000|100%| E|CS|TAMS 0x000000070d000000, 0x000000070d000000| Complete 
|  89|0x000000070d200000, 0x000000070d400000, 0x000000070d400000|100%| E|CS|TAMS 0x000000070d200000, 0x000000070d200000| Complete 
|  90|0x000000070d400000, 0x000000070d600000, 0x000000070d600000|100%| E|CS|TAMS 0x000000070d400000, 0x000000070d400000| Complete 
|  91|0x000000070d600000, 0x000000070d800000, 0x000000070d800000|100%| E|CS|TAMS 0x000000070d600000, 0x000000070d600000| Complete 
|  92|0x000000070d800000, 0x000000070da00000, 0x000000070da00000|100%| E|CS|TAMS 0x000000070d800000, 0x000000070d800000| Complete 
|  93|0x000000070da00000, 0x000000070dc00000, 0x000000070dc00000|100%| E|CS|TAMS 0x000000070da00000, 0x000000070da00000| Complete 
|  94|0x000000070dc00000, 0x000000070de00000, 0x000000070de00000|100%| E|CS|TAMS 0x000000070dc00000, 0x000000070dc00000| Complete 
|  95|0x000000070de00000, 0x000000070e000000, 0x000000070e000000|100%| E|CS|TAMS 0x000000070de00000, 0x000000070de00000| Complete 
|  96|0x000000070e000000, 0x000000070e200000, 0x000000070e200000|100%| E|CS|TAMS 0x000000070e000000, 0x000000070e000000| Complete 
|  97|0x000000070e200000, 0x000000070e400000, 0x000000070e400000|100%| E|CS|TAMS 0x000000070e200000, 0x000000070e200000| Complete 
|  98|0x000000070e400000, 0x000000070e600000, 0x000000070e600000|100%| E|CS|TAMS 0x000000070e400000, 0x000000070e400000| Complete 
|  99|0x000000070e600000, 0x000000070e800000, 0x000000070e800000|100%| E|CS|TAMS 0x000000070e600000, 0x000000070e600000| Complete 
| 100|0x000000070e800000, 0x000000070ea00000, 0x000000070ea00000|100%| E|CS|TAMS 0x000000070e800000, 0x000000070e800000| Complete 
| 101|0x000000070ea00000, 0x000000070ec00000, 0x000000070ec00000|100%| E|CS|TAMS 0x000000070ea00000, 0x000000070ea00000| Complete 
| 102|0x000000070ec00000, 0x000000070ee00000, 0x000000070ee00000|100%| E|CS|TAMS 0x000000070ec00000, 0x000000070ec00000| Complete 
| 103|0x000000070ee00000, 0x000000070f000000, 0x000000070f000000|100%| E|CS|TAMS 0x000000070ee00000, 0x000000070ee00000| Complete 
| 104|0x000000070f000000, 0x000000070f200000, 0x000000070f200000|100%| E|CS|TAMS 0x000000070f000000, 0x000000070f000000| Complete 
| 105|0x000000070f200000, 0x000000070f400000, 0x000000070f400000|100%| E|CS|TAMS 0x000000070f200000, 0x000000070f200000| Complete 
| 106|0x000000070f400000, 0x000000070f600000, 0x000000070f600000|100%| E|CS|TAMS 0x000000070f400000, 0x000000070f400000| Complete 
| 107|0x000000070f600000, 0x000000070f800000, 0x000000070f800000|100%| E|CS|TAMS 0x000000070f600000, 0x000000070f600000| Complete 
| 108|0x000000070f800000, 0x000000070fa00000, 0x000000070fa00000|100%| E|CS|TAMS 0x000000070f800000, 0x000000070f800000| Complete 
| 109|0x000000070fa00000, 0x000000070fc00000, 0x000000070fc00000|100%| E|CS|TAMS 0x000000070fa00000, 0x000000070fa00000| Complete 
| 110|0x000000070fc00000, 0x000000070fe00000, 0x000000070fe00000|100%| E|CS|TAMS 0x000000070fc00000, 0x000000070fc00000| Complete 
| 111|0x000000070fe00000, 0x000000070ff36f38, 0x0000000710000000| 60%| S|CS|TAMS 0x000000070fe00000, 0x000000070fe00000| Complete 
| 112|0x0000000710000000, 0x0000000710200000, 0x0000000710200000|100%| E|CS|TAMS 0x0000000710000000, 0x0000000710000000| Complete 
| 113|0x0000000710200000, 0x0000000710400000, 0x0000000710400000|100%| E|CS|TAMS 0x0000000710200000, 0x0000000710200000| Complete 
| 114|0x0000000710400000, 0x0000000710600000, 0x0000000710600000|100%| E|CS|TAMS 0x0000000710400000, 0x0000000710400000| Complete 
| 115|0x0000000710600000, 0x0000000710800000, 0x0000000710800000|100%| E|CS|TAMS 0x0000000710600000, 0x0000000710600000| Complete 
| 116|0x0000000710800000, 0x0000000710a00000, 0x0000000710a00000|100%| E|CS|TAMS 0x0000000710800000, 0x0000000710800000| Complete 
| 117|0x0000000710a00000, 0x0000000710c00000, 0x0000000710c00000|100%| E|CS|TAMS 0x0000000710a00000, 0x0000000710a00000| Complete 
| 118|0x0000000710c00000, 0x0000000710e00000, 0x0000000710e00000|100%| E|CS|TAMS 0x0000000710c00000, 0x0000000710c00000| Complete 
| 119|0x0000000710e00000, 0x0000000711000000, 0x0000000711000000|100%| E|CS|TAMS 0x0000000710e00000, 0x0000000710e00000| Complete 
| 120|0x0000000711000000, 0x0000000711200000, 0x0000000711200000|100%| E|CS|TAMS 0x0000000711000000, 0x0000000711000000| Complete 
| 121|0x0000000711200000, 0x0000000711400000, 0x0000000711400000|100%| E|CS|TAMS 0x0000000711200000, 0x0000000711200000| Complete 
| 122|0x0000000711400000, 0x0000000711600000, 0x0000000711600000|100%| E|CS|TAMS 0x0000000711400000, 0x0000000711400000| Complete 
| 123|0x0000000711600000, 0x0000000711800000, 0x0000000711800000|100%| E|CS|TAMS 0x0000000711600000, 0x0000000711600000| Complete 
| 124|0x0000000711800000, 0x0000000711a00000, 0x0000000711a00000|100%| E|CS|TAMS 0x0000000711800000, 0x0000000711800000| Complete 
| 125|0x0000000711a00000, 0x0000000711c00000, 0x0000000711c00000|100%| E|CS|TAMS 0x0000000711a00000, 0x0000000711a00000| Complete 
| 126|0x0000000711c00000, 0x0000000711e00000, 0x0000000711e00000|100%| E|CS|TAMS 0x0000000711c00000, 0x0000000711c00000| Complete 

Card table byte_map: [0x0000023b78050000,0x0000023b78840000] _byte_map_base: 0x0000023b74840000

Marking Bits (Prev, Next): (CMBitMap*) 0x0000023b6100f4d0, (CMBitMap*) 0x0000023b6100f510
 Prev Bits: [0x0000023b79030000, 0x0000023b7cfb0000)
 Next Bits: [0x0000023b00000000, 0x0000023b03f80000)

Polling page: 0x0000023b5f160000

Metaspace:

Usage:
  Non-class:     12.76 MB used.
      Class:      1.57 MB used.
       Both:     14.33 MB used.

Virtual space:
  Non-class space:       16.00 MB reserved,      12.88 MB ( 80%) committed,  2 nodes.
      Class space:        1.00 GB reserved,       1.69 MB ( <1%) committed,  1 nodes.
              Both:        1.02 GB reserved,      14.56 MB (  1%) committed. 

Chunk freelists:
   Non-Class:  2.33 MB
       Class:  2.37 MB
        Both:  4.70 MB

MaxMetaspaceSize: 17179869184.00 GB
CompressedClassSpaceSize: 1.00 GB
 - commit_granule_bytes: 65536.
 - commit_granule_words: 8192.
 - virtual_space_node_default_size: 1048576.
 - enlarge_chunks_in_place: 1.
 - new_chunks_are_fully_committed: 0.
 - uncommit_free_chunks: 1.
 - use_allocation_guard: 0.
 - handle_deallocations: 1.


Internal statistics:

num_allocs_failed_limit: 0.
num_arena_births: 104.
num_arena_deaths: 0.
num_vsnodes_births: 3.
num_vsnodes_deaths: 0.
num_space_committed: 233.
num_space_uncommitted: 0.
num_chunks_returned_to_freelist: 0.
num_chunks_taken_from_freelist: 617.
num_chunk_merges: 0.
num_chunk_splits: 427.
num_chunks_enlarged: 323.
num_purges: 0.

CodeHeap 'non-profiled nmethods': size=120000Kb used=1422Kb max_used=1422Kb free=118578Kb
 bounds [0x0000023b70210000, 0x0000023b70480000, 0x0000023b77740000]
CodeHeap 'profiled nmethods': size=120000Kb used=7098Kb max_used=7098Kb free=112901Kb
 bounds [0x0000023b68ce0000, 0x0000023b693d0000, 0x0000023b70210000]
CodeHeap 'non-nmethods': size=5760Kb used=1195Kb max_used=1249Kb free=4564Kb
 bounds [0x0000023b68740000, 0x0000023b689b0000, 0x0000023b68ce0000]
 total_blobs=4066 nmethods=3580 adapters=398
 compilation: enabled
              stopped_count=0, restarted_count=0
 full_count=0

Compilation events (20 events):
Event: 3.193 Thread 0x0000023b7f7dcd30 3563       3       org.slf4j.impl.SimpleLogger::isLevelEnabled (14 bytes)
Event: 3.193 Thread 0x0000023b7f7dcd30 nmethod 3563 0x0000023b693b4d90 code [0x0000023b693b4f20, 0x0000023b693b5098]
Event: 3.193 Thread 0x0000023b7f7dcd30 3566   !   3       java.io.WinNTFileSystem::resolve (362 bytes)
Event: 3.197 Thread 0x0000023b7f7dcd30 nmethod 3566 0x0000023b693b5110 code [0x0000023b693b5ae0, 0x0000023b693ba5c8]
Event: 3.197 Thread 0x0000023b7f7dcd30 3564       3       org.apache.maven.artifact.DefaultArtifact::getBaseVersionInternal (27 bytes)
Event: 3.198 Thread 0x0000023b7f7dcd30 nmethod 3564 0x0000023b693bbf90 code [0x0000023b693bc140, 0x0000023b693bc3e8]
Event: 3.198 Thread 0x0000023b7f7dcd30 3565       3       java.io.File::getAbsolutePath (8 bytes)
Event: 3.198 Thread 0x0000023b7f7dcd30 nmethod 3565 0x0000023b693bc510 code [0x0000023b693bc6c0, 0x0000023b693bc808]
Event: 3.198 Thread 0x0000023b7f7dcd30 3568       3       java.lang.StringBuilder::append (9 bytes)
Event: 3.198 Thread 0x0000023b7f7dcd30 nmethod 3568 0x0000023b693bc890 code [0x0000023b693bca60, 0x0000023b693bcd98]
Event: 3.198 Thread 0x0000023b7f7dcd30 3567       1       org.apache.maven.artifact.DefaultArtifact::getFile (5 bytes)
Event: 3.198 Thread 0x0000023b7f7dcd30 nmethod 3567 0x0000023b70370090 code [0x0000023b70370220, 0x0000023b703702f8]
Event: 3.200 Thread 0x0000023b7f7d0e20 nmethod 2999 0x0000023b70370390 code [0x0000023b70370560, 0x0000023b70370e78]
Event: 3.200 Thread 0x0000023b7f7d0e20 3558       4       java.util.HashSet::add (20 bytes)
Event: 3.202 Thread 0x0000023b7f7dcd30 3569       3       java.lang.ProcessEnvironment$NameComparator::compare (90 bytes)
Event: 3.203 Thread 0x0000023b7f7dcd30 nmethod 3569 0x0000023b693bcf10 code [0x0000023b693bd220, 0x0000023b693be538]
Event: 3.203 Thread 0x0000023b7f7dcd30 3570       3       java.lang.ProcessEnvironment$CheckedEntry::getKey (5 bytes)
Event: 3.203 Thread 0x0000023b7f7dcd30 nmethod 3570 0x0000023b693bee10 code [0x0000023b693befc0, 0x0000023b693bf308]
Event: 3.203 Thread 0x0000023b7f7dcd30 3571       3       java.lang.ProcessEnvironment$CheckedEntry::getKey (13 bytes)
Event: 3.203 Thread 0x0000023b7f7dcd30 nmethod 3571 0x0000023b693bf410 code [0x0000023b693bf5c0, 0x0000023b693bf8a8]

GC Heap History (4 events):
Event: 0.958 GC heap before
{Heap before GC invocations=0 (full 0):
 garbage-first heap   total 260096K, used 20480K [0x0000000702000000, 0x0000000800000000)
  region size 2048K, 10 young (20480K), 0 survivors (0K)
 Metaspace       used 4816K, committed 4992K, reserved 1056768K
  class space    used 541K, committed 640K, reserved 1048576K
}
Event: 0.996 GC heap after
{Heap after GC invocations=1 (full 0):
 garbage-first heap   total 260096K, used 3433K [0x0000000702000000, 0x0000000800000000)
  region size 2048K, 2 young (4096K), 2 survivors (4096K)
 Metaspace       used 4816K, committed 4992K, reserved 1056768K
  class space    used 541K, committed 640K, reserved 1048576K
}
Event: 1.500 GC heap before
{Heap before GC invocations=1 (full 0):
 garbage-first heap   total 260096K, used 30057K [0x0000000702000000, 0x0000000800000000)
  region size 2048K, 15 young (30720K), 2 survivors (4096K)
 Metaspace       used 7823K, committed 7936K, reserved 1064960K
  class space    used 911K, committed 960K, reserved 1048576K
}
Event: 1.503 GC heap after
{Heap after GC invocations=2 (full 0):
 garbage-first heap   total 260096K, used 4610K [0x0000000702000000, 0x0000000800000000)
  region size 2048K, 1 young (2048K), 1 survivors (2048K)
 Metaspace       used 7823K, committed 7936K, reserved 1064960K
  class space    used 911K, committed 960K, reserved 1048576K
}

Deoptimization events (20 events):
Event: 3.041 Thread 0x0000023b60fc40b0 Uncommon trap: trap_request=0xffffff45 fr.pc=0x0000023b7024c190 relative=0x0000000000000a90
Event: 3.041 Thread 0x0000023b60fc40b0 Uncommon trap: reason=unstable_if action=reinterpret pc=0x0000023b7024c190 method=java.util.jar.JarFile.isMultiRelease()Z @ 4 c2
Event: 3.041 Thread 0x0000023b60fc40b0 DEOPT PACKING pc=0x0000023b7024c190 sp=0x00000053c08fd400
Event: 3.041 Thread 0x0000023b60fc40b0 DEOPT UNPACKING pc=0x0000023b6878d72e sp=0x00000053c08fd2a8 mode 2
Event: 3.103 Thread 0x0000023b60fc40b0 DEOPT PACKING pc=0x0000023b68ee4634 sp=0x00000053c08fce50
Event: 3.103 Thread 0x0000023b60fc40b0 DEOPT UNPACKING pc=0x0000023b6878dece sp=0x00000053c08fc2c0 mode 0
Event: 3.125 Thread 0x0000023b60fc40b0 DEOPT PACKING pc=0x0000023b68ee4634 sp=0x00000053c08fcca0
Event: 3.125 Thread 0x0000023b60fc40b0 DEOPT UNPACKING pc=0x0000023b6878dece sp=0x00000053c08fc110 mode 0
Event: 3.168 Thread 0x0000023b60fc40b0 Uncommon trap: trap_request=0xffffff54 fr.pc=0x0000023b70343304 relative=0x0000000000000384
Event: 3.168 Thread 0x0000023b60fc40b0 Uncommon trap: reason=speculate_null_assert action=make_not_entrant pc=0x0000023b70343304 method=org.eclipse.sisu.inject.RankedBindings$Itr.hasNext()Z @ 80 c2
Event: 3.168 Thread 0x0000023b60fc40b0 DEOPT PACKING pc=0x0000023b70343304 sp=0x00000053c08fd8f0
Event: 3.168 Thread 0x0000023b60fc40b0 DEOPT UNPACKING pc=0x0000023b6878d72e sp=0x00000053c08fd8b8 mode 2
Event: 3.169 Thread 0x0000023b60fc40b0 Uncommon trap: trap_request=0xffffff54 fr.pc=0x0000023b70350cc0 relative=0x0000000000000320
Event: 3.169 Thread 0x0000023b60fc40b0 Uncommon trap: reason=speculate_null_assert action=make_not_entrant pc=0x0000023b70350cc0 method=org.eclipse.sisu.inject.RankedBindings$Itr.hasNext()Z @ 80 c2
Event: 3.169 Thread 0x0000023b60fc40b0 DEOPT PACKING pc=0x0000023b70350cc0 sp=0x00000053c08fcd30
Event: 3.169 Thread 0x0000023b60fc40b0 DEOPT UNPACKING pc=0x0000023b6878d72e sp=0x00000053c08fcd00 mode 2
Event: 3.181 Thread 0x0000023b60fc40b0 DEOPT PACKING pc=0x0000023b68d97634 sp=0x00000053c08f7bb0
Event: 3.181 Thread 0x0000023b60fc40b0 DEOPT UNPACKING pc=0x0000023b6878dece sp=0x00000053c08f6fe8 mode 0
Event: 3.181 Thread 0x0000023b60fc40b0 DEOPT PACKING pc=0x0000023b68d9724c sp=0x00000053c08f7c20
Event: 3.181 Thread 0x0000023b60fc40b0 DEOPT UNPACKING pc=0x0000023b6878dece sp=0x00000053c08f70c8 mode 0

Classes unloaded (0 events):
No events

Classes redefined (0 events):
No events

Internal exceptions (20 events):
Event: 0.280 Thread 0x0000023b60fc40b0 Exception <a 'java/lang/NullPointerException'{0x0000000711949f30}> (0x0000000711949f30) 
thrown [t:\workspace\open\src\hotspot\share\interpreter\linkResolver.cpp, line 1385]
Event: 0.280 Thread 0x0000023b60fc40b0 Exception <a 'java/lang/NullPointerException'{0x000000071194a208}> (0x000000071194a208) 
thrown [t:\workspace\open\src\hotspot\share\interpreter\linkResolver.cpp, line 1385]
Event: 0.434 Thread 0x0000023b60fc40b0 Exception <a 'java/lang/NoSuchMethodError'{0x00000007112e7338}: 'void java.lang.invoke.DirectMethodHandle$Holder.invokeSpecial(java.lang.Object, java.lang.Object, java.lang.Object)'> (0x00000007112e7338) 
thrown [t:\workspace\open\src\hotspot\share\interpreter\linkResolver.cpp, line 790]
Event: 0.752 Thread 0x0000023b60fc40b0 Exception <a 'java/lang/NoSuchMethodError'{0x0000000710feeae0}: 'java.lang.Object java.lang.invoke.DirectMethodHandle$Holder.newInvokeSpecial(java.lang.Object, java.lang.Object, java.lang.Object, java.lang.Object, java.lang.Object)'> (0x0000000710feeae0) 
thrown [t:\workspace\open\src\hotspot\share\interpreter\linkResolver.cpp, line 790]
Event: 0.802 Thread 0x0000023b60fc40b0 Exception <a 'java/lang/NoClassDefFoundError'{0x0000000710d5ef70}: javax/enterprise/inject/Typed> (0x0000000710d5ef70) 
thrown [t:\workspace\open\src\hotspot\share\classfile\systemDictionary.cpp, line 245]
Event: 1.709 Thread 0x0000023b60fc40b0 Exception <a 'java/lang/NoClassDefFoundError'{0x0000000711036908}: com/google/inject/servlet/ServletModuleTargetVisitor> (0x0000000711036908) 
thrown [t:\workspace\open\src\hotspot\share\classfile\systemDictionary.cpp, line 245]
Event: 1.776 Thread 0x0000023b60fc40b0 Exception <a 'java/lang/NoSuchMethodError'{0x0000000710e80d88}: 'java.lang.Object java.lang.invoke.DirectMethodHandle$Holder.invokeStatic(java.lang.Object)'> (0x0000000710e80d88) 
thrown [t:\workspace\open\src\hotspot\share\interpreter\linkResolver.cpp, line 790]
Event: 1.779 Thread 0x0000023b60fc40b0 Exception <a 'java/lang/NoSuchMethodError'{0x0000000710e8bbe8}: 'java.lang.Object java.lang.invoke.DirectMethodHandle$Holder.invokeStaticInit(java.lang.Object, int, int, int, int)'> (0x0000000710e8bbe8) 
thrown [t:\workspace\open\src\hotspot\share\interpreter\linkResolver.cpp, line 790]
Event: 2.139 Thread 0x0000023b60fc40b0 Implicit null exception at 0x0000023b70297160 to 0x0000023b702971fa
Event: 2.139 Thread 0x0000023b60fc40b0 Implicit null exception at 0x0000023b70295974 to 0x0000023b70295b80
Event: 2.139 Thread 0x0000023b60fc40b0 Implicit null exception at 0x0000023b70286b2f to 0x0000023b70286bad
Event: 2.796 Thread 0x0000023b60fc40b0 Implicit null exception at 0x0000023b70327034 to 0x0000023b7032738c
Event: 2.796 Thread 0x0000023b60fc40b0 Implicit null exception at 0x0000023b703379b4 to 0x0000023b70337d04
Event: 3.138 Thread 0x0000023b60fc40b0 Exception <a 'java/lang/NoClassDefFoundError'{0x000000070af5a9b8}: org/sonatype/aether/installation/InstallationException> (0x000000070af5a9b8) 
thrown [t:\workspace\open\src\hotspot\share\classfile\systemDictionary.cpp, line 245]
Event: 3.144 Thread 0x0000023b60fc40b0 Exception <a 'java/lang/NoClassDefFoundError'{0x000000070afd0600}: org/sonatype/aether/deployment/DeploymentException> (0x000000070afd0600) 
thrown [t:\workspace\open\src\hotspot\share\classfile\systemDictionary.cpp, line 245]
Event: 3.145 Thread 0x0000023b60fc40b0 Exception <a 'java/lang/NoClassDefFoundError'{0x000000070aff3b00}: org/sonatype/aether/resolution/ArtifactResolutionException> (0x000000070aff3b00) 
thrown [t:\workspace\open\src\hotspot\share\classfile\systemDictionary.cpp, line 245]
Event: 3.149 Thread 0x0000023b60fc40b0 Exception <a 'java/lang/NoClassDefFoundError'{0x000000070ac3f1c8}: org/sonatype/aether/artifact/Artifact> (0x000000070ac3f1c8) 
thrown [t:\workspace\open\src\hotspot\share\classfile\systemDictionary.cpp, line 245]
Event: 3.152 Thread 0x0000023b60fc40b0 Exception <a 'java/lang/NoClassDefFoundError'{0x000000070ac78778}: org/sonatype/aether/collection/DependencyCollectionException> (0x000000070ac78778) 
thrown [t:\workspace\open\src\hotspot\share\classfile\systemDictionary.cpp, line 245]
Event: 3.156 Thread 0x0000023b60fc40b0 Exception <a 'java/lang/NoClassDefFoundError'{0x000000070acab578}: org/sonatype/aether/resolution/ArtifactDescriptorException> (0x000000070acab578) 
thrown [t:\workspace\open\src\hotspot\share\classfile\systemDictionary.cpp, line 245]
Event: 3.159 Thread 0x0000023b60fc40b0 Exception <a 'java/lang/NoClassDefFoundError'{0x000000070ace65b0}: org/sonatype/aether/artifact/Artifact> (0x000000070ace65b0) 
thrown [t:\workspace\open\src\hotspot\share\classfile\systemDictionary.cpp, line 245]

Events (20 events):
Event: 3.132 loading class java/io/FileWriter
Event: 3.132 loading class java/io/FileWriter done
Event: 3.134 loading class java/lang/IllegalThreadStateException
Event: 3.134 loading class java/lang/IllegalThreadStateException done
Event: 3.154 loading class java/beans/IntrospectionException
Event: 3.155 loading class java/beans/IntrospectionException done
Event: 3.177 loading class java/net/URISyntaxException
Event: 3.178 loading class java/net/URISyntaxException done
Event: 3.181 Executing  VM operation: HandshakeAllThreads
Event: 3.181 Executing  VM operation: HandshakeAllThreads done
Event: 3.184 loading class jdk/internal/reflect/UnsafeBooleanFieldAccessorImpl
Event: 3.184 loading class jdk/internal/reflect/UnsafeBooleanFieldAccessorImpl done
Event: 3.189 loading class jdk/internal/reflect/UnsafeIntegerFieldAccessorImpl
Event: 3.189 loading class jdk/internal/reflect/UnsafeIntegerFieldAccessorImpl done
Event: 3.201 loading class java/lang/ProcessBuilder
Event: 3.201 loading class java/lang/ProcessBuilder done
Event: 3.201 loading class java/lang/ProcessImpl
Event: 3.202 loading class java/lang/Process
Event: 3.202 loading class java/lang/Process done
Event: 3.202 loading class java/lang/ProcessImpl done


Dynamic libraries:
0x00007ff625840000 - 0x00007ff625850000 	C:\Program Files\Java\jdk-16.0.2\bin\java.exe
0x00007fffd1670000 - 0x00007fffd1867000 	C:\Windows\SYSTEM32\ntdll.dll
0x00007fffd1410000 - 0x00007fffd14cd000 	C:\Windows\System32\KERNEL32.DLL
0x00007fffcef70000 - 0x00007fffcf23d000 	C:\Windows\System32\KERNELBASE.dll
0x00007fffcee70000 - 0x00007fffcef70000 	C:\Windows\System32\ucrtbase.dll
0x00007fff82f50000 - 0x00007fff82f69000 	C:\Program Files\Java\jdk-16.0.2\bin\VCRUNTIME140.dll
0x00007fffabeb0000 - 0x00007fffabec8000 	C:\Program Files\Java\jdk-16.0.2\bin\jli.dll
0x00007fffcf7a0000 - 0x00007fffcf84e000 	C:\Windows\System32\ADVAPI32.dll
0x00007fffcf980000 - 0x00007fffcfa1e000 	C:\Windows\System32\msvcrt.dll
0x00007fffd0ed0000 - 0x00007fffd0f6c000 	C:\Windows\System32\sechost.dll
0x00007fffcf850000 - 0x00007fffcf975000 	C:\Windows\System32\RPCRT4.dll
0x00007fffd1270000 - 0x00007fffd1410000 	C:\Windows\System32\USER32.dll
0x00007fffcee40000 - 0x00007fffcee62000 	C:\Windows\System32\win32u.dll
0x00007fffbbd90000 - 0x00007fffbc02a000 	C:\Windows\WinSxS\amd64_microsoft.windows.common-controls_6595b64144ccf1df_6.0.19041.1110_none_60b5254171f9507e\COMCTL32.dll
0x00007fffd0f70000 - 0x00007fffd0f9a000 	C:\Windows\System32\GDI32.dll
0x00007fffcf550000 - 0x00007fffcf65b000 	C:\Windows\System32\gdi32full.dll
0x00007fffcf3a0000 - 0x00007fffcf43d000 	C:\Windows\System32\msvcp_win.dll
0x00007fffc9b30000 - 0x00007fffc9b3a000 	C:\Windows\SYSTEM32\VERSION.dll
0x00007fffd0890000 - 0x00007fffd08c0000 	C:\Windows\System32\IMM32.DLL
0x00007fff8bd40000 - 0x00007fff8bd4c000 	C:\Program Files\Java\jdk-16.0.2\bin\vcruntime140_1.dll
0x00007fff81ed0000 - 0x00007fff81f61000 	C:\Program Files\Java\jdk-16.0.2\bin\msvcp140.dll
0x00007fff7f020000 - 0x00007fff7fbcb000 	C:\Program Files\Java\jdk-16.0.2\bin\server\jvm.dll
0x00007fffd0ec0000 - 0x00007fffd0ec8000 	C:\Windows\System32\PSAPI.DLL
0x00007fff81ec0000 - 0x00007fff81ec9000 	C:\Windows\SYSTEM32\WSOCK32.dll
0x00007fffb7450000 - 0x00007fffb7477000 	C:\Windows\SYSTEM32\WINMM.dll
0x00007fffd1180000 - 0x00007fffd11eb000 	C:\Windows\System32\WS2_32.dll
0x00007fffcccb0000 - 0x00007fffcccc2000 	C:\Windows\SYSTEM32\kernel.appcore.dll
0x00007fff81eb0000 - 0x00007fff81eba000 	C:\Program Files\Java\jdk-16.0.2\bin\jimage.dll
0x00007fffc8910000 - 0x00007fffc8af4000 	C:\Windows\SYSTEM32\DBGHELP.DLL
0x00007fffc85e0000 - 0x00007fffc860c000 	C:\Windows\SYSTEM32\dbgcore.DLL
0x00007fffcf470000 - 0x00007fffcf4f2000 	C:\Windows\System32\bcryptPrimitives.dll
0x00007fff81e80000 - 0x00007fff81ea5000 	C:\Program Files\Java\jdk-16.0.2\bin\java.dll
0x00007fffcfa80000 - 0x00007fffd01c4000 	C:\Windows\System32\SHELL32.dll
0x00007fffcceb0000 - 0x00007fffcd644000 	C:\Windows\SYSTEM32\windows.storage.dll
0x00007fffd0230000 - 0x00007fffd0584000 	C:\Windows\System32\combase.dll
0x00007fffce720000 - 0x00007fffce74c000 	C:\Windows\SYSTEM32\Wldp.dll
0x00007fffd0fa0000 - 0x00007fffd104d000 	C:\Windows\System32\SHCORE.dll
0x00007fffcfa20000 - 0x00007fffcfa75000 	C:\Windows\System32\shlwapi.dll
0x00007fffcecd0000 - 0x00007fffcecef000 	C:\Windows\SYSTEM32\profapi.dll
0x00007fff81e40000 - 0x00007fff81e59000 	C:\Program Files\Java\jdk-16.0.2\bin\net.dll
0x00007fffc6f70000 - 0x00007fffc707a000 	C:\Windows\SYSTEM32\WINHTTP.dll
0x00007fffce480000 - 0x00007fffce4ea000 	C:\Windows\system32\mswsock.dll
0x00007fff81e20000 - 0x00007fff81e33000 	C:\Program Files\Java\jdk-16.0.2\bin\nio.dll
0x00007fff81e00000 - 0x00007fff81e18000 	C:\Program Files\Java\jdk-16.0.2\bin\zip.dll
0x0000000069ac0000 - 0x0000000069ae4000 	C:\Program Files\NetBeans-14\netbeans\java\maven\lib\jansi-native\Windows\x86_64\jansi.dll
0x00007fff81f80000 - 0x00007fff81f90000 	C:\Program Files\Java\jdk-16.0.2\bin\verify.dll

dbghelp: loaded successfully - version: 4.0.5 - missing functions: none
symbol engine: initialized successfully - sym options: 0x614 - pdb path: .;C:\Program Files\Java\jdk-16.0.2\bin;C:\Windows\SYSTEM32;C:\Windows\WinSxS\amd64_microsoft.windows.common-controls_6595b64144ccf1df_6.0.19041.1110_none_60b5254171f9507e;C:\Program Files\Java\jdk-16.0.2\bin\server;C:\Program Files\NetBeans-14\netbeans\java\maven\lib\jansi-native\Windows\x86_64

VM Arguments:
jvm_args: -Dclassworlds.conf=C:\Program Files\NetBeans-14\netbeans\java\maven\bin\m2.conf -Dmaven.home=C:\Program Files\NetBeans-14\netbeans\java\maven -Dlibrary.jansi.path=C:\Program Files\NetBeans-14\netbeans\java\maven\lib\jansi-native -Dmaven.multiModuleProjectDirectory=C:\Users\sopor\Documents\NetBeansProjects\VentaEmpresa_Fecha 
java_command: org.codehaus.plexus.classworlds.launcher.Launcher -Dexec.vmArgs= -Dexec.args=${exec.vmArgs} -classpath %classpath ${exec.mainClass} ${exec.appArgs} -Dexec.appArgs= -Dexec.mainClass=Principal.Principal -Dexec.executable=C:\Program Files\Java\jdk-16.0.2\bin\java.exe -Dmaven.ext.class.path=C:\Program Files\NetBeans-14\netbeans\java\maven-nblib\netbeans-eventspy.jar -Dfile.encoding=UTF-8 org.codehaus.mojo:exec-maven-plugin:3.0.0:exec
java_class_path (initial): C:\Program Files\NetBeans-14\netbeans\java\maven\boot\plexus-classworlds-2.6.0.jar
Launcher Type: SUN_STANDARD

[Global flags]
     intx CICompilerCount                          = 3                                         {product} {ergonomic}
     uint ConcGCThreads                            = 2                                         {product} {ergonomic}
     uint G1ConcRefinementThreads                  = 6                                         {product} {ergonomic}
   size_t G1HeapRegionSize                         = 2097152                                   {product} {ergonomic}
    uintx GCDrainStackTargetSize                   = 64                                        {product} {ergonomic}
   size_t InitialHeapSize                          = 266338304                                 {product} {ergonomic}
   size_t MarkStackSize                            = 4194304                                   {product} {ergonomic}
   size_t MaxHeapSize                              = 4261412864                                {product} {ergonomic}
   size_t MaxNewSize                               = 2556428288                                {product} {ergonomic}
   size_t MinHeapDeltaBytes                        = 2097152                                   {product} {ergonomic}
   size_t MinHeapSize                              = 8388608                                   {product} {ergonomic}
    uintx NonNMethodCodeHeapSize                   = 5832780                                {pd product} {ergonomic}
    uintx NonProfiledCodeHeapSize                  = 122912730                              {pd product} {ergonomic}
    uintx ProfiledCodeHeapSize                     = 122912730                              {pd product} {ergonomic}
    uintx ReservedCodeCacheSize                    = 251658240                              {pd product} {ergonomic}
     bool SegmentedCodeCache                       = true                                      {product} {ergonomic}
   size_t SoftMaxHeapSize                          = 4261412864                             {manageable} {ergonomic}
     bool UseCompressedClassPointers               = true                           {product lp64_product} {ergonomic}
     bool UseCompressedOops                        = true                           {product lp64_product} {ergonomic}
     bool UseG1GC                                  = true                                      {product} {ergonomic}
     bool UseLargePagesIndividualAllocation        = false                                  {pd product} {ergonomic}

Logging:
Log output configuration:
 #0: stdout all=warning uptime,level,tags
 #1: stderr all=off uptime,level,tags

Environment Variables:
JAVA_HOME=C:\Program Files\Java\jdk-16.0.2
PATH=C:\Program Files\Common Files\Oracle\Java\javapath;C:\Program Files (x86)\Common Files\Oracle\Java\javapath;C:\Windows\system32;C:\Windows;C:\Windows\System32\Wbem;C:\Windows\System32\WindowsPowerShell\v1.0\;C:\Windows\System32\OpenSSH\;C:\Program Files (x86)\Windows Kits\10\Windows Performance Toolkit\;C:\Program Files\dotnet\;C:\Program Files\Microsoft SQL Server Migration Assistant for MySQL\bin\;C:\Program Files (x86)\Microsoft SQL Server\150\DTS\Binn\;C:\Program Files\Azure Data Studio\bin;C:\Program Files\MySQL\MySQL Shell 8.0\bin\;C:\Users\sopor\AppData\Local\Microsoft\WindowsApps;C:\Users\sopor\AppData\Local\Android\Sdk\plataform-tools;C:\Users\sopor\AppData\Local\Android\Sdk\tools;C:\Users\sopor\.dotnet\tools;C:\Users\sopor\AppData\Local\Programs\Microsoft VS Code\bin;C:\Program Files\Azure Data Studio\bin
USERNAME=sopor
OS=Windows_NT
PROCESSOR_IDENTIFIER=Intel64 Family 6 Model 158 Stepping 10, GenuineIntel



---------------  S Y S T E M  ---------------

OS:
 Windows 10 , 64 bit Build 19041 (10.0.19041.1741)
OS uptime: 0 days 8:54 hours

CPU: total 6 (initial active 6) (6 cores per cpu, 1 threads per core) family 6 model 158 stepping 10 microcode 0xd6, cx8, cmov, fxsr, mmx, 3dnowpref, sse, sse2, sse3, ssse3, sse4.1, sse4.2, popcnt, lzcnt, tsc, tscinvbit, avx, avx2, aes, erms, clmul, bmi1, bmi2, adx, fma, vzeroupper, clflush, clflushopt

Memory: 4k page, system-wide physical 16252M (68M free)
TotalPageFile size 65404M (AvailPageFile size 2M)
current process WorkingSet (physical memory assigned to process): 195M, peak: 195M
current process commit charge ("private bytes"): 377M, peak: 377M

vm_info: Java HotSpot(TM) 64-Bit Server VM (16.0.2+7-67) for windows-amd64 JRE (16.0.2+7-67), built on Jun  8 2021 23:24:19 by "mach5one" with MS VC++ 16.7 (VS2019)

END.
