#
# There is insufficient memory for the Java Runtime Environment to continue.
# Native memory allocation (mmap) failed to map 266338304 bytes for G1 virtual space
# Possible reasons:
#   The system is out of physical RAM or swap space
#   The process is running with CompressedOops enabled, and the Java Heap may be blocking the growth of the native heap
# Possible solutions:
#   Reduce memory load on the system
#   Increase physical memory or swap space
#   Check if swap backing store is full
#   Decrease Java heap size (-Xmx/-Xms)
#   Decrease number of Java threads
#   Decrease Java thread stack sizes (-Xss)
#   Set larger code cache with -XX:ReservedCodeCacheSize=
#   JVM is running with Zero Based Compressed Oops mode in which the Java heap is
#     placed in the first 32GB address space. The Java Heap base address is the
#     maximum limit for the native heap growth. Please use -XX:HeapBaseMinAddress
#     to set the Java Heap base and to place the Java Heap above 32GB virtual address.
# This output file may be truncated or incomplete.
#
#  Out of Memory Error (os_windows.cpp:3466), pid=218948, tid=218268
#
# JRE version:  (16.0.2+7) (build )
# Java VM: Java HotSpot(TM) 64-Bit Server VM (16.0.2+7-67, mixed mode, sharing, tiered, compressed oops, compressed class ptrs, g1 gc, windows-amd64)
# No core dump will be written. Minidumps are not enabled by default on client versions of Windows
#

---------------  S U M M A R Y ------------

Command Line: Principal.Principal

Host: Intel(R) Core(TM) i5-8400 CPU @ 2.80GHz, 6 cores, 15G,  Windows 10 , 64 bit Build 19041 (10.0.19041.1741)
Time: Wed Aug 31 09:59:23 2022 Hora est. Sudamérica Pacífico elapsed time: 0.161266 seconds (0d 0h 0m 0s)

---------------  T H R E A D  ---------------

Current thread (0x0000021d183fcab0):  JavaThread "Unknown thread" [_thread_in_vm, id=218268, stack(0x0000006244f00000,0x0000006245000000)]

Stack: [0x0000006244f00000,0x0000006245000000]
Native frames: (J=compiled Java code, j=interpreted, Vv=VM code, C=native code)
V  [jvm.dll+0x6681ca]
V  [jvm.dll+0x7c9e69]
V  [jvm.dll+0x7cb61e]
V  [jvm.dll+0x7cbc73]
V  [jvm.dll+0x242c55]
V  [jvm.dll+0x664f89]
V  [jvm.dll+0x659b75]
V  [jvm.dll+0x2fbfbb]
V  [jvm.dll+0x3031b6]
V  [jvm.dll+0x35299e]
V  [jvm.dll+0x352bcf]
V  [jvm.dll+0x2d3028]
V  [jvm.dll+0x2d4264]
V  [jvm.dll+0x79c741]
V  [jvm.dll+0x360791]
V  [jvm.dll+0x77a3f0]
V  [jvm.dll+0x3e4e8f]
V  [jvm.dll+0x3e6961]
C  [jli.dll+0x52fb]
C  [ucrtbase.dll+0x21bb2]
C  [KERNEL32.DLL+0x17034]
C  [ntdll.dll+0x52651]


---------------  P R O C E S S  ---------------

Threads class SMR info:
_java_thread_list=0x00007fff7fb2cbb8, length=0, elements={
}

Java Threads: ( => current thread )

Other Threads:
  0x0000021d1844cc00 GCTaskThread "GC Thread#0" [stack: 0x0000006245000000,0x0000006245100000] [id=211764]
  0x0000021d1845da40 ConcurrentGCThread "G1 Main Marker" [stack: 0x0000006245100000,0x0000006245200000] [id=191464]
  0x0000021d1845e4b0 ConcurrentGCThread "G1 Conc#0" [stack: 0x0000006245200000,0x0000006245300000] [id=207348]

[error occurred during error reporting (printing all threads), id 0xc0000005, EXCEPTION_ACCESS_VIOLATION (0xc0000005) at pc=0x00007fff7f303ee7]

VM state: not at safepoint (not fully initialized)

VM Mutex/Monitor currently owned by a thread:  ([mutex/lock_event])
[0x0000021d183f9520] Heap_lock - owner thread: 0x0000021d183fcab0

Heap address: 0x0000000702000000, size: 4064 MB, Compressed Oops mode: Zero based, Oop shift amount: 3

CDS archive(s) mapped at: [0x0000000000000000-0x0000000000000000-0x0000000000000000), size 0, SharedBaseAddress: 0x0000000800000000, ArchiveRelocationMode: 0.
Narrow klass base: 0x0000000000000000, Narrow klass shift: 0, Narrow klass range: 0x0

GC Precious Log:
<Empty>

Heap:
 garbage-first heap   total 0K, used 0K [0x0000000702000000, 0x0000000800000000)
  region size 2048K, 0 young (0K), 0 survivors (0K)

[error occurred during error reporting (printing heap information), id 0xc0000005, EXCEPTION_ACCESS_VIOLATION (0xc0000005) at pc=0x00007fff7f6e1eed]

GC Heap History (0 events):
No events

Deoptimization events (0 events):
No events

Classes unloaded (0 events):
No events

Classes redefined (0 events):
No events

Internal exceptions (0 events):
No events

Events (1 events):
Event: 0.006 Loaded shared library C:\Program Files\Java\jdk-16.0.2\bin\java.dll


Dynamic libraries:
0x00007ff625840000 - 0x00007ff625850000 	C:\Program Files\Java\jdk-16.0.2\bin\java.exe
0x00007fffd1670000 - 0x00007fffd1867000 	C:\Windows\SYSTEM32\ntdll.dll
0x00007fffd1410000 - 0x00007fffd14cd000 	C:\Windows\System32\KERNEL32.DLL
0x00007fffcef70000 - 0x00007fffcf23d000 	C:\Windows\System32\KERNELBASE.dll
0x00007fffcee70000 - 0x00007fffcef70000 	C:\Windows\System32\ucrtbase.dll
0x00007fffabeb0000 - 0x00007fffabec8000 	C:\Program Files\Java\jdk-16.0.2\bin\jli.dll
0x00007fff82f50000 - 0x00007fff82f69000 	C:\Program Files\Java\jdk-16.0.2\bin\VCRUNTIME140.dll
0x00007fffcf7a0000 - 0x00007fffcf84e000 	C:\Windows\System32\ADVAPI32.dll
0x00007fffcf980000 - 0x00007fffcfa1e000 	C:\Windows\System32\msvcrt.dll
0x00007fffd0ed0000 - 0x00007fffd0f6c000 	C:\Windows\System32\sechost.dll
0x00007fffcf850000 - 0x00007fffcf975000 	C:\Windows\System32\RPCRT4.dll
0x00007fffd1270000 - 0x00007fffd1410000 	C:\Windows\System32\USER32.dll
0x00007fffcee40000 - 0x00007fffcee62000 	C:\Windows\System32\win32u.dll
0x00007fffbbd90000 - 0x00007fffbc02a000 	C:\Windows\WinSxS\amd64_microsoft.windows.common-controls_6595b64144ccf1df_6.0.19041.1110_none_60b5254171f9507e\COMCTL32.dll
0x00007fffd0f70000 - 0x00007fffd0f9a000 	C:\Windows\System32\GDI32.dll
0x00007fffcf550000 - 0x00007fffcf65b000 	C:\Windows\System32\gdi32full.dll
0x00007fffcf3a0000 - 0x00007fffcf43d000 	C:\Windows\System32\msvcp_win.dll
0x00007fffc9b30000 - 0x00007fffc9b3a000 	C:\Windows\SYSTEM32\VERSION.dll
0x00007fffd0890000 - 0x00007fffd08c0000 	C:\Windows\System32\IMM32.DLL
0x00007fff8bd40000 - 0x00007fff8bd4c000 	C:\Program Files\Java\jdk-16.0.2\bin\vcruntime140_1.dll
0x00007fff81ed0000 - 0x00007fff81f61000 	C:\Program Files\Java\jdk-16.0.2\bin\msvcp140.dll
0x00007fff7f020000 - 0x00007fff7fbcb000 	C:\Program Files\Java\jdk-16.0.2\bin\server\jvm.dll
0x00007fffd0ec0000 - 0x00007fffd0ec8000 	C:\Windows\System32\PSAPI.DLL
0x00007fff81ec0000 - 0x00007fff81ec9000 	C:\Windows\SYSTEM32\WSOCK32.dll
0x00007fffb7450000 - 0x00007fffb7477000 	C:\Windows\SYSTEM32\WINMM.dll
0x00007fffd1180000 - 0x00007fffd11eb000 	C:\Windows\System32\WS2_32.dll
0x00007fffcccb0000 - 0x00007fffcccc2000 	C:\Windows\SYSTEM32\kernel.appcore.dll
0x00007fff81eb0000 - 0x00007fff81eba000 	C:\Program Files\Java\jdk-16.0.2\bin\jimage.dll
0x00007fffc8910000 - 0x00007fffc8af4000 	C:\Windows\SYSTEM32\DBGHELP.DLL
0x00007fffc85e0000 - 0x00007fffc860c000 	C:\Windows\SYSTEM32\dbgcore.DLL
0x00007fffcf470000 - 0x00007fffcf4f2000 	C:\Windows\System32\bcryptPrimitives.dll
0x00007fff81e80000 - 0x00007fff81ea5000 	C:\Program Files\Java\jdk-16.0.2\bin\java.dll

dbghelp: loaded successfully - version: 4.0.5 - missing functions: none
symbol engine: initialized successfully - sym options: 0x614 - pdb path: .;C:\Program Files\Java\jdk-16.0.2\bin;C:\Windows\SYSTEM32;C:\Windows\WinSxS\amd64_microsoft.windows.common-controls_6595b64144ccf1df_6.0.19041.1110_none_60b5254171f9507e;C:\Program Files\Java\jdk-16.0.2\bin\server

VM Arguments:
java_command: Principal.Principal
java_class_path (initial): C:\Users\sopor\Documents\NetBeansProjects\VentaEmpresa_Fecha\target\classes;C:\Users\sopor\.m2\repository\e-iceblue\spire.pdf\8.7.0\spire.pdf-8.7.0.jar;C:\Users\sopor\.m2\repository\com\tagmycode\tagmycode-plugin-framework\2.2.0\tagmycode-plugin-framework-2.2.0.jar;C:\Users\sopor\.m2\repository\com\tagmycode\tagmycode-sdk\1.1.1\tagmycode-sdk-1.1.1.jar;C:\Users\sopor\.m2\repository\org\scribe\scribe\1.3.5\scribe-1.3.5.jar;C:\Users\sopor\.m2\repository\org\json\json\20080701\json-20080701.jar;C:\Users\sopor\.m2\repository\org\apache\commons\commons-lang3\3.1\commons-lang3-3.1.jar;C:\Users\sopor\.m2\repository\com\j256\ormlite\ormlite-jdbc\5.0\ormlite-jdbc-5.0.jar;C:\Users\sopor\.m2\repository\com\j256\ormlite\ormlite-core\5.0\ormlite-core-5.0.jar;C:\Users\sopor\.m2\repository\com\h2database\h2\1.4.193\h2-1.4.193.jar;C:\Users\sopor\.m2\repository\log4j\log4j\1.2.17\log4j-1.2.17.jar;C:\Users\sopor\.m2\repository\com\intellij\forms_rt\5.0\forms_rt-5.0.jar;C:\Users\sopor\.m2\repository\jgoodies\forms\1.0.5\forms-1.0.5.jar;C:\Users\sopor\.m2\repository\com\fifesoft\rsyntaxtextarea\2.5.8\rsyntaxtextarea-2.5.8.jar;C:\Users\sopor\.m2\repository\org\apache\poi\poi-ooxml\5.1.0\poi-ooxml-5.1.0.jar;C:\Users\sopor\.m2\repository\org\apache\poi\poi-ooxml-lite\5.1.0\poi-ooxml-lite-5.1.0.jar;C:\Users\sopor\.m2\repository\org\apache\xmlbeans\xmlbeans\5.0.2\xmlbeans-5.0.2.jar;C:\Users\sopor\.m2\repository\org\apache\commons\commons-compress\1.21\commons-compress-1.21.jar;C:\Users\sopor\.m2\repository\commons-io\commons-io\2.11.0\commons-io-2.11.0.jar;C:\Users\sopor\.m2\repository\com\github\virtuald\curvesapi\1.06\curvesapi-1.06.jar;C:\Users\sopor\.m2\repository\org\apache\logging\log4j\log4j-api\2.14.1\log4j-api-2.14.1.jar;C:\Users\sopor\.m2\repository\org\apache\commons\commons-collections4\4.4\commons-collections4-4.4.jar;C:\Users\sopor\.m2\repository\io\github\bonigarcia\webdrivermanager\5.0.3\webdrivermanager-5.0.3.jar;C:\Users\sopor\.m2\repository\org
Launcher Type: SUN_STANDARD

[Global flags]
     intx CICompilerCount                          = 3                                         {product} {ergonomic}
     uint ConcGCThreads                            = 2                                         {product} {ergonomic}
     uint G1ConcRefinementThreads                  = 6                                         {product} {ergonomic}
   size_t G1HeapRegionSize                         = 2097152                                   {product} {ergonomic}
    uintx GCDrainStackTargetSize                   = 64                                        {product} {ergonomic}
   size_t InitialHeapSize                          = 266338304                                 {product} {ergonomic}
   size_t MarkStackSize                            = 4194304                                   {product} {ergonomic}
   size_t MaxHeapSize                              = 4261412864                                {product} {ergonomic}
   size_t MinHeapDeltaBytes                        = 2097152                                   {product} {ergonomic}
   size_t MinHeapSize                              = 8388608                                   {product} {ergonomic}
    uintx NonNMethodCodeHeapSize                   = 5832780                                {pd product} {ergonomic}
    uintx NonProfiledCodeHeapSize                  = 122912730                              {pd product} {ergonomic}
    uintx ProfiledCodeHeapSize                     = 122912730                              {pd product} {ergonomic}
    uintx ReservedCodeCacheSize                    = 251658240                              {pd product} {ergonomic}
     bool SegmentedCodeCache                       = true                                      {product} {ergonomic}
   size_t SoftMaxHeapSize                          = 4261412864                             {manageable} {ergonomic}
     bool UseCompressedClassPointers               = true                           {product lp64_product} {ergonomic}
     bool UseCompressedOops                        = true                           {product lp64_product} {ergonomic}
     bool UseG1GC                                  = true                                      {product} {ergonomic}
     bool UseLargePagesIndividualAllocation        = false                                  {pd product} {ergonomic}

Logging:
Log output configuration:
 #0: stdout all=warning uptime,level,tags
 #1: stderr all=off uptime,level,tags

Environment Variables:
JAVA_HOME=C:\Program Files\Java\jdk-16.0.2
PATH=C:\Program Files\Common Files\Oracle\Java\javapath;C:\Program Files (x86)\Common Files\Oracle\Java\javapath;C:\Windows\system32;C:\Windows;C:\Windows\System32\Wbem;C:\Windows\System32\WindowsPowerShell\v1.0\;C:\Windows\System32\OpenSSH\;C:\Program Files (x86)\Windows Kits\10\Windows Performance Toolkit\;C:\Program Files\dotnet\;C:\Program Files\Microsoft SQL Server Migration Assistant for MySQL\bin\;C:\Program Files (x86)\Microsoft SQL Server\150\DTS\Binn\;C:\Program Files\Azure Data Studio\bin;C:\Program Files\MySQL\MySQL Shell 8.0\bin\;C:\Users\sopor\AppData\Local\Microsoft\WindowsApps;C:\Users\sopor\AppData\Local\Android\Sdk\plataform-tools;C:\Users\sopor\AppData\Local\Android\Sdk\tools;C:\Users\sopor\.dotnet\tools;C:\Users\sopor\AppData\Local\Programs\Microsoft VS Code\bin;C:\Program Files\Azure Data Studio\bin
USERNAME=sopor
OS=Windows_NT
PROCESSOR_IDENTIFIER=Intel64 Family 6 Model 158 Stepping 10, GenuineIntel



---------------  S Y S T E M  ---------------

OS:
 Windows 10 , 64 bit Build 19041 (10.0.19041.1741)
OS uptime: 0 days 8:54 hours

CPU: total 6 (initial active 6) (6 cores per cpu, 1 threads per core) family 6 model 158 stepping 10 microcode 0xd6, cx8, cmov, fxsr, mmx, 3dnowpref, sse, sse2, sse3, ssse3, sse4.1, sse4.2, popcnt, lzcnt, tsc, tscinvbit, avx, avx2, aes, erms, clmul, bmi1, bmi2, adx, fma, vzeroupper, clflush, clflushopt

Memory: 4k page, system-wide physical 16252M (190M free)
TotalPageFile size 65404M (AvailPageFile size 133M)
current process WorkingSet (physical memory assigned to process): 10M, peak: 10M
current process commit charge ("private bytes"): 56M, peak: 310M

vm_info: Java HotSpot(TM) 64-Bit Server VM (16.0.2+7-67) for windows-amd64 JRE (16.0.2+7-67), built on Jun  8 2021 23:24:19 by "mach5one" with MS VC++ 16.7 (VS2019)

END.
